This is pdfTeX, Version 3.141592653-2.6-1.40.22 (MiKTeX 21.2 Portable) (preloaded format=pdflatex 2021.3.4)  8 MAR 2021 14:31
entering extended mode
**./clp-aula-3-tipos.tex
(clp-aula-3-tipos.tex
LaTeX2e <2020-10-01> patch level 4
L3 programming layer <2021-02-18> xparse <2020-03-03>
(D:\PortableApps\MikTex\texmfs\install\tex/latex/beamer\beamer.cls
Document Class: beamer 2021/02/09 v3.61 A class for typesetting presentations
(D:\PortableApps\MikTex\texmfs\install\tex/latex/beamer\beamerbasemodes.sty
(D:\PortableApps\MikTex\texmfs\install\tex/latex/etoolbox\etoolbox.sty
Package: etoolbox 2020/10/05 v2.5k e-TeX tools for LaTeX (JAW)
\etb@tempcnta=\count179
)
\beamer@tempbox=\box47
\beamer@tempcount=\count180
\c@beamerpauses=\count181

(D:\PortableApps\MikTex\texmfs\install\tex/latex/beamer\beamerbasedecode.sty
\beamer@slideinframe=\count182
\beamer@minimum=\count183
\beamer@decode@box=\box48
)
\beamer@commentbox=\box49
\beamer@modecount=\count184
)
(D:\PortableApps\MikTex\texmfs\install\tex/generic/iftex\ifpdf.sty
Package: ifpdf 2019/10/25 v3.4 ifpdf legacy package. Use iftex instead.

(D:\PortableApps\MikTex\texmfs\install\tex/generic/iftex\iftex.sty
Package: iftex 2020/03/06 v1.0d TeX engine tests
))
\headdp=\dimen138
\footheight=\dimen139
\sidebarheight=\dimen140
\beamer@tempdim=\dimen141
\beamer@finalheight=\dimen142
\beamer@animht=\dimen143
\beamer@animdp=\dimen144
\beamer@animwd=\dimen145
\beamer@leftmargin=\dimen146
\beamer@rightmargin=\dimen147
\beamer@leftsidebar=\dimen148
\beamer@rightsidebar=\dimen149
\beamer@boxsize=\dimen150
\beamer@vboxoffset=\dimen151
\beamer@descdefault=\dimen152
\beamer@descriptionwidth=\dimen153
\beamer@lastskip=\skip47
\beamer@areabox=\box50
\beamer@animcurrent=\box51
\beamer@animshowbox=\box52
\beamer@sectionbox=\box53
\beamer@logobox=\box54
\beamer@linebox=\box55
\beamer@sectioncount=\count185
\beamer@subsubsectionmax=\count186
\beamer@subsectionmax=\count187
\beamer@sectionmax=\count188
\beamer@totalheads=\count189
\beamer@headcounter=\count190
\beamer@partstartpage=\count191
\beamer@sectionstartpage=\count192
\beamer@subsectionstartpage=\count193
\beamer@animationtempa=\count194
\beamer@animationtempb=\count195
\beamer@xpos=\count196
\beamer@ypos=\count197
\beamer@ypos@offset=\count198
\beamer@showpartnumber=\count199
\beamer@currentsubsection=\count266
\beamer@coveringdepth=\count267
\beamer@sectionadjust=\count268
\beamer@tocsectionnumber=\count269

(D:\PortableApps\MikTex\texmfs\install\tex/latex/beamer\beamerbaseoptions.sty
(D:\PortableApps\MikTex\texmfs\install\tex/latex/graphics\keyval.sty
Package: keyval 2014/10/28 v1.15 key=value parser (DPC)
\KV@toks@=\toks15
))
\beamer@paperwidth=\skip48
\beamer@paperheight=\skip49

(D:\PortableApps\MikTex\texmfs\install\tex/latex/geometry\geometry.sty
Package: geometry 2020/01/02 v5.9 Page Geometry

(D:\PortableApps\MikTex\texmfs\install\tex/generic/iftex\ifvtex.sty
Package: ifvtex 2019/10/25 v1.7 ifvtex legacy package. Use iftex instead.
)
\Gm@cnth=\count270
\Gm@cntv=\count271
\c@Gm@tempcnt=\count272
\Gm@bindingoffset=\dimen154
\Gm@wd@mp=\dimen155
\Gm@odd@mp=\dimen156
\Gm@even@mp=\dimen157
\Gm@layoutwidth=\dimen158
\Gm@layoutheight=\dimen159
\Gm@layouthoffset=\dimen160
\Gm@layoutvoffset=\dimen161
\Gm@dimlist=\toks16

(D:\PortableApps\MikTex\texmfs\install\tex/latex/geometry\geometry.cfg))
(D:\PortableApps\MikTex\texmfs\install\tex/latex/base\size11.clo
File: size11.clo 2020/04/10 v1.4m Standard LaTeX file (size option)
)
(D:\PortableApps\MikTex\texmfs\install\tex/latex/pgf/basiclayer\pgfcore.sty
(D:\PortableApps\MikTex\texmfs\install\tex/latex/graphics\graphicx.sty
Package: graphicx 2020/09/09 v1.2b Enhanced LaTeX Graphics (DPC,SPQR)

(D:\PortableApps\MikTex\texmfs\install\tex/latex/graphics\graphics.sty
Package: graphics 2020/08/30 v1.4c Standard LaTeX Graphics (DPC,SPQR)

(D:\PortableApps\MikTex\texmfs\install\tex/latex/graphics\trig.sty
Package: trig 2016/01/03 v1.10 sin cos tan (DPC)
)
(D:\PortableApps\MikTex\texmfs\install\tex/latex/graphics-cfg\graphics.cfg
File: graphics.cfg 2016/06/04 v1.11 sample graphics configuration
)
Package graphics Info: Driver file: pdftex.def on input line 105.

(D:\PortableApps\MikTex\texmfs\install\tex/latex/graphics-def\pdftex.def
File: pdftex.def 2020/10/05 v1.2a Graphics/color driver for pdftex
))
\Gin@req@height=\dimen162
\Gin@req@width=\dimen163
)
(D:\PortableApps\MikTex\texmfs\install\tex/latex/pgf/systemlayer\pgfsys.sty
(D:\PortableApps\MikTex\texmfs\install\tex/latex/pgf/utilities\pgfrcs.sty
(D:\PortableApps\MikTex\texmfs\install\tex/generic/pgf/utilities\pgfutil-common
.tex
\pgfutil@everybye=\toks17
\pgfutil@tempdima=\dimen164
\pgfutil@tempdimb=\dimen165

(D:\PortableApps\MikTex\texmfs\install\tex/generic/pgf/utilities\pgfutil-common
-lists.tex))
(D:\PortableApps\MikTex\texmfs\install\tex/generic/pgf/utilities\pgfutil-latex.
def
\pgfutil@abb=\box56
)
(D:\PortableApps\MikTex\texmfs\install\tex/generic/pgf/utilities\pgfrcs.code.te
x (D:\PortableApps\MikTex\texmfs\install\tex/generic/pgf\pgf.revision.tex)
Package: pgfrcs 2020/12/27 v3.1.8b (3.1.8b)
))
(D:\PortableApps\MikTex\texmfs\install\tex/generic/pgf/systemlayer\pgfsys.code.
tex
Package: pgfsys 2020/12/27 v3.1.8b (3.1.8b)

(D:\PortableApps\MikTex\texmfs\install\tex/generic/pgf/utilities\pgfkeys.code.t
ex
\pgfkeys@pathtoks=\toks18
\pgfkeys@temptoks=\toks19

(D:\PortableApps\MikTex\texmfs\install\tex/generic/pgf/utilities\pgfkeysfiltere
d.code.tex
\pgfkeys@tmptoks=\toks20
))
\pgf@x=\dimen166
\pgf@y=\dimen167
\pgf@xa=\dimen168
\pgf@ya=\dimen169
\pgf@xb=\dimen170
\pgf@yb=\dimen171
\pgf@xc=\dimen172
\pgf@yc=\dimen173
\pgf@xd=\dimen174
\pgf@yd=\dimen175
\w@pgf@writea=\write3
\r@pgf@reada=\read2
\c@pgf@counta=\count273
\c@pgf@countb=\count274
\c@pgf@countc=\count275
\c@pgf@countd=\count276
\t@pgf@toka=\toks21
\t@pgf@tokb=\toks22
\t@pgf@tokc=\toks23
\pgf@sys@id@count=\count277

(D:\PortableApps\MikTex\texmfs\install\tex/generic/pgf/systemlayer\pgf.cfg
File: pgf.cfg 2020/12/27 v3.1.8b (3.1.8b)
)
Driver file for pgf: pgfsys-pdftex.def

(D:\PortableApps\MikTex\texmfs\install\tex/generic/pgf/systemlayer\pgfsys-pdfte
x.def
File: pgfsys-pdftex.def 2020/12/27 v3.1.8b (3.1.8b)

(D:\PortableApps\MikTex\texmfs\install\tex/generic/pgf/systemlayer\pgfsys-commo
n-pdf.def
File: pgfsys-common-pdf.def 2020/12/27 v3.1.8b (3.1.8b)
)))
(D:\PortableApps\MikTex\texmfs\install\tex/generic/pgf/systemlayer\pgfsyssoftpa
th.code.tex
File: pgfsyssoftpath.code.tex 2020/12/27 v3.1.8b (3.1.8b)
\pgfsyssoftpath@smallbuffer@items=\count278
\pgfsyssoftpath@bigbuffer@items=\count279
)
(D:\PortableApps\MikTex\texmfs\install\tex/generic/pgf/systemlayer\pgfsysprotoc
ol.code.tex
File: pgfsysprotocol.code.tex 2020/12/27 v3.1.8b (3.1.8b)
))
(D:\PortableApps\MikTex\texmfs\install\tex/latex/xcolor\xcolor.sty
Package: xcolor 2016/05/11 v2.12 LaTeX color extensions (UK)

(D:\PortableApps\MikTex\texmfs\install\tex/latex/graphics-cfg\color.cfg
File: color.cfg 2016/01/02 v1.6 sample color configuration
)
Package xcolor Info: Driver file: pdftex.def on input line 225.
Package xcolor Info: Model `cmy' substituted by `cmy0' on input line 1348.
Package xcolor Info: Model `hsb' substituted by `rgb' on input line 1352.
Package xcolor Info: Model `RGB' extended on input line 1364.
Package xcolor Info: Model `HTML' substituted by `rgb' on input line 1366.
Package xcolor Info: Model `Hsb' substituted by `hsb' on input line 1367.
Package xcolor Info: Model `tHsb' substituted by `hsb' on input line 1368.
Package xcolor Info: Model `HSB' substituted by `hsb' on input line 1369.
Package xcolor Info: Model `Gray' substituted by `gray' on input line 1370.
Package xcolor Info: Model `wave' substituted by `hsb' on input line 1371.
)
(D:\PortableApps\MikTex\texmfs\install\tex/generic/pgf/basiclayer\pgfcore.code.
tex
Package: pgfcore 2020/12/27 v3.1.8b (3.1.8b)

(D:\PortableApps\MikTex\texmfs\install\tex/generic/pgf/math\pgfmath.code.tex
(D:\PortableApps\MikTex\texmfs\install\tex/generic/pgf/math\pgfmathcalc.code.te
x
(D:\PortableApps\MikTex\texmfs\install\tex/generic/pgf/math\pgfmathutil.code.te
x)
(D:\PortableApps\MikTex\texmfs\install\tex/generic/pgf/math\pgfmathparser.code.
tex
\pgfmath@dimen=\dimen176
\pgfmath@count=\count280
\pgfmath@box=\box57
\pgfmath@toks=\toks24
\pgfmath@stack@operand=\toks25
\pgfmath@stack@operation=\toks26
)
(D:\PortableApps\MikTex\texmfs\install\tex/generic/pgf/math\pgfmathfunctions.co
de.tex
(D:\PortableApps\MikTex\texmfs\install\tex/generic/pgf/math\pgfmathfunctions.ba
sic.code.tex)
(D:\PortableApps\MikTex\texmfs\install\tex/generic/pgf/math\pgfmathfunctions.tr
igonometric.code.tex)
(D:\PortableApps\MikTex\texmfs\install\tex/generic/pgf/math\pgfmathfunctions.ra
ndom.code.tex)
(D:\PortableApps\MikTex\texmfs\install\tex/generic/pgf/math\pgfmathfunctions.co
mparison.code.tex)
(D:\PortableApps\MikTex\texmfs\install\tex/generic/pgf/math\pgfmathfunctions.ba
se.code.tex)
(D:\PortableApps\MikTex\texmfs\install\tex/generic/pgf/math\pgfmathfunctions.ro
und.code.tex)
(D:\PortableApps\MikTex\texmfs\install\tex/generic/pgf/math\pgfmathfunctions.mi
sc.code.tex)
(D:\PortableApps\MikTex\texmfs\install\tex/generic/pgf/math\pgfmathfunctions.in
tegerarithmetics.code.tex)))
(D:\PortableApps\MikTex\texmfs\install\tex/generic/pgf/math\pgfmathfloat.code.t
ex
\c@pgfmathroundto@lastzeros=\count281
))
(D:\PortableApps\MikTex\texmfs\install\tex/generic/pgf/math\pgfint.code.tex)
(D:\PortableApps\MikTex\texmfs\install\tex/generic/pgf/basiclayer\pgfcorepoints
.code.tex
File: pgfcorepoints.code.tex 2020/12/27 v3.1.8b (3.1.8b)
\pgf@picminx=\dimen177
\pgf@picmaxx=\dimen178
\pgf@picminy=\dimen179
\pgf@picmaxy=\dimen180
\pgf@pathminx=\dimen181
\pgf@pathmaxx=\dimen182
\pgf@pathminy=\dimen183
\pgf@pathmaxy=\dimen184
\pgf@xx=\dimen185
\pgf@xy=\dimen186
\pgf@yx=\dimen187
\pgf@yy=\dimen188
\pgf@zx=\dimen189
\pgf@zy=\dimen190
)
(D:\PortableApps\MikTex\texmfs\install\tex/generic/pgf/basiclayer\pgfcorepathco
nstruct.code.tex
File: pgfcorepathconstruct.code.tex 2020/12/27 v3.1.8b (3.1.8b)
\pgf@path@lastx=\dimen191
\pgf@path@lasty=\dimen192
)
(D:\PortableApps\MikTex\texmfs\install\tex/generic/pgf/basiclayer\pgfcorepathus
age.code.tex
File: pgfcorepathusage.code.tex 2020/12/27 v3.1.8b (3.1.8b)
\pgf@shorten@end@additional=\dimen193
\pgf@shorten@start@additional=\dimen194
)
(D:\PortableApps\MikTex\texmfs\install\tex/generic/pgf/basiclayer\pgfcorescopes
.code.tex
File: pgfcorescopes.code.tex 2020/12/27 v3.1.8b (3.1.8b)
\pgfpic=\box58
\pgf@hbox=\box59
\pgf@layerbox@main=\box60
\pgf@picture@serial@count=\count282
)
(D:\PortableApps\MikTex\texmfs\install\tex/generic/pgf/basiclayer\pgfcoregraphi
cstate.code.tex
File: pgfcoregraphicstate.code.tex 2020/12/27 v3.1.8b (3.1.8b)
\pgflinewidth=\dimen195
)
(D:\PortableApps\MikTex\texmfs\install\tex/generic/pgf/basiclayer\pgfcoretransf
ormations.code.tex
File: pgfcoretransformations.code.tex 2020/12/27 v3.1.8b (3.1.8b)
\pgf@pt@x=\dimen196
\pgf@pt@y=\dimen197
\pgf@pt@temp=\dimen198
)
(D:\PortableApps\MikTex\texmfs\install\tex/generic/pgf/basiclayer\pgfcorequick.
code.tex
File: pgfcorequick.code.tex 2020/12/27 v3.1.8b (3.1.8b)
)
(D:\PortableApps\MikTex\texmfs\install\tex/generic/pgf/basiclayer\pgfcoreobject
s.code.tex
File: pgfcoreobjects.code.tex 2020/12/27 v3.1.8b (3.1.8b)
)
(D:\PortableApps\MikTex\texmfs\install\tex/generic/pgf/basiclayer\pgfcorepathpr
ocessing.code.tex
File: pgfcorepathprocessing.code.tex 2020/12/27 v3.1.8b (3.1.8b)
)
(D:\PortableApps\MikTex\texmfs\install\tex/generic/pgf/basiclayer\pgfcorearrows
.code.tex
File: pgfcorearrows.code.tex 2020/12/27 v3.1.8b (3.1.8b)
\pgfarrowsep=\dimen199
)
(D:\PortableApps\MikTex\texmfs\install\tex/generic/pgf/basiclayer\pgfcoreshade.
code.tex
File: pgfcoreshade.code.tex 2020/12/27 v3.1.8b (3.1.8b)
\pgf@max=\dimen256
\pgf@sys@shading@range@num=\count283
\pgf@shadingcount=\count284
)
(D:\PortableApps\MikTex\texmfs\install\tex/generic/pgf/basiclayer\pgfcoreimage.
code.tex
File: pgfcoreimage.code.tex 2020/12/27 v3.1.8b (3.1.8b)

(D:\PortableApps\MikTex\texmfs\install\tex/generic/pgf/basiclayer\pgfcoreextern
al.code.tex
File: pgfcoreexternal.code.tex 2020/12/27 v3.1.8b (3.1.8b)
\pgfexternal@startupbox=\box61
))
(D:\PortableApps\MikTex\texmfs\install\tex/generic/pgf/basiclayer\pgfcorelayers
.code.tex
File: pgfcorelayers.code.tex 2020/12/27 v3.1.8b (3.1.8b)
)
(D:\PortableApps\MikTex\texmfs\install\tex/generic/pgf/basiclayer\pgfcoretransp
arency.code.tex
File: pgfcoretransparency.code.tex 2020/12/27 v3.1.8b (3.1.8b)
)
(D:\PortableApps\MikTex\texmfs\install\tex/generic/pgf/basiclayer\pgfcorepatter
ns.code.tex
File: pgfcorepatterns.code.tex 2020/12/27 v3.1.8b (3.1.8b)
)
(D:\PortableApps\MikTex\texmfs\install\tex/generic/pgf/basiclayer\pgfcorerdf.co
de.tex
File: pgfcorerdf.code.tex 2020/12/27 v3.1.8b (3.1.8b)
)))
(D:\PortableApps\MikTex\texmfs\install\tex/latex/pgf/utilities\xxcolor.sty
Package: xxcolor 2003/10/24 ver 0.1
\XC@nummixins=\count285
\XC@countmixins=\count286
)
(D:\PortableApps\MikTex\texmfs\install\tex/latex/base\atbegshi-ltx.sty
Package: atbegshi-ltx 2020/08/17 v1.0a Emulation of the original atbegshi packa
ge
with kernel methods
)
(D:\PortableApps\MikTex\texmfs\install\tex/latex/hyperref\hyperref.sty
Package: hyperref 2021-02-27 v7.00k Hypertext links for LaTeX

(D:\PortableApps\MikTex\texmfs\install\tex/generic/ltxcmds\ltxcmds.sty
Package: ltxcmds 2020-05-10 v1.25 LaTeX kernel commands for general use (HO)
)
(D:\PortableApps\MikTex\texmfs\install\tex/generic/pdftexcmds\pdftexcmds.sty
Package: pdftexcmds 2020-06-27 v0.33 Utility functions of pdfTeX for LuaTeX (HO
)

(D:\PortableApps\MikTex\texmfs\install\tex/generic/infwarerr\infwarerr.sty
Package: infwarerr 2019/12/03 v1.5 Providing info/warning/error messages (HO)
)
Package pdftexcmds Info: \pdf@primitive is available.
Package pdftexcmds Info: \pdf@ifprimitive is available.
Package pdftexcmds Info: \pdfdraftmode found.
)
(D:\PortableApps\MikTex\texmfs\install\tex/generic/kvsetkeys\kvsetkeys.sty
Package: kvsetkeys 2019/12/15 v1.18 Key value parser (HO)
)
(D:\PortableApps\MikTex\texmfs\install\tex/generic/kvdefinekeys\kvdefinekeys.st
y
Package: kvdefinekeys 2019-12-19 v1.6 Define keys (HO)
) (D:\PortableApps\MikTex\texmfs\install\tex/generic/pdfescape\pdfescape.sty
Package: pdfescape 2019/12/09 v1.15 Implements pdfTeX's escape features (HO)
)
(D:\PortableApps\MikTex\texmfs\install\tex/latex/hycolor\hycolor.sty
Package: hycolor 2020-01-27 v1.10 Color options for hyperref/bookmark (HO)
)
(D:\PortableApps\MikTex\texmfs\install\tex/latex/letltxmacro\letltxmacro.sty
Package: letltxmacro 2019/12/03 v1.6 Let assignment for LaTeX macros (HO)
)
(D:\PortableApps\MikTex\texmfs\install\tex/latex/auxhook\auxhook.sty
Package: auxhook 2019-12-17 v1.6 Hooks for auxiliary files (HO)
)
(D:\PortableApps\MikTex\texmfs\install\tex/latex/kvoptions\kvoptions.sty
Package: kvoptions 2020-10-07 v3.14 Key value format for package options (HO)
)
\@linkdim=\dimen257
\Hy@linkcounter=\count287
\Hy@pagecounter=\count288

(D:\PortableApps\MikTex\texmfs\install\tex/latex/hyperref\pd1enc.def
File: pd1enc.def 2021-02-27 v7.00k Hyperref: PDFDocEncoding definition (HO)
Now handling font encoding PD1 ...
... no UTF-8 mapping file for font encoding PD1
)
(D:\PortableApps\MikTex\texmfs\install\tex/latex/hyperref\hyperref-langpatches.
def
File: hyperref-langpatches.def 2021-02-27 v7.00k Hyperref: patches for babel la
nguages
) (D:\PortableApps\MikTex\texmfs\install\tex/generic/intcalc\intcalc.sty
Package: intcalc 2019/12/15 v1.3 Expandable calculations with integers (HO)
)
(D:\PortableApps\MikTex\texmfs\install\tex/generic/etexcmds\etexcmds.sty
Package: etexcmds 2019/12/15 v1.7 Avoid name clashes with e-TeX commands (HO)
)
\Hy@SavedSpaceFactor=\count289

(D:\PortableApps\MikTex\texmfs\install\tex/latex/hyperref\puenc.def
File: puenc.def 2021-02-27 v7.00k Hyperref: PDF Unicode definition (HO)
Now handling font encoding PU ...
... no UTF-8 mapping file for font encoding PU
)
Package hyperref Info: Option `bookmarks' set `true' on input line 4073.
Package hyperref Info: Option `bookmarksopen' set `true' on input line 4073.
Package hyperref Info: Option `implicit' set `false' on input line 4073.
Package hyperref Info: Hyper figures OFF on input line 4192.
Package hyperref Info: Link nesting OFF on input line 4197.
Package hyperref Info: Hyper index ON on input line 4200.
Package hyperref Info: Plain pages OFF on input line 4207.
Package hyperref Info: Backreferencing OFF on input line 4212.
Package hyperref Info: Implicit mode OFF; no redefinition of LaTeX internals.
Package hyperref Info: Bookmarks ON on input line 4445.
\c@Hy@tempcnt=\count290

(D:\PortableApps\MikTex\texmfs\install\tex/latex/url\url.sty
\Urlmuskip=\muskip16
Package: url 2013/09/16  ver 3.4  Verb mode for urls, etc.
)
LaTeX Info: Redefining \url on input line 4804.
\XeTeXLinkMargin=\dimen258

(D:\PortableApps\MikTex\texmfs\install\tex/generic/bitset\bitset.sty
Package: bitset 2019/12/09 v1.3 Handle bit-vector datatype (HO)

(D:\PortableApps\MikTex\texmfs\install\tex/generic/bigintcalc\bigintcalc.sty
Package: bigintcalc 2019/12/15 v1.5 Expandable calculations on big integers (HO
)
))
\Fld@menulength=\count291
\Field@Width=\dimen259
\Fld@charsize=\dimen260
Package hyperref Info: Hyper figures OFF on input line 6075.
Package hyperref Info: Link nesting OFF on input line 6080.
Package hyperref Info: Hyper index ON on input line 6083.
Package hyperref Info: backreferencing OFF on input line 6090.
Package hyperref Info: Link coloring OFF on input line 6095.
Package hyperref Info: Link coloring with OCG OFF on input line 6100.
Package hyperref Info: PDF/A mode OFF on input line 6105.
LaTeX Info: Redefining \ref on input line 6145.
LaTeX Info: Redefining \pageref on input line 6149.
\Hy@abspage=\count292


Package hyperref Message: Stopped early.

)
Package hyperref Info: Driver (autodetected): hpdftex.
 (D:\PortableApps\MikTex\texmfs\install\tex/latex/hyperref\hpdftex.def
File: hpdftex.def 2021-02-27 v7.00k Hyperref driver for pdfTeX

(D:\PortableApps\MikTex\texmfs\install\tex/latex/base\atveryend-ltx.sty
Package: atveryend-ltx 2020/08/19 v1.0a Emulation of the original atvery packag
e
with kernel methods
)
\Fld@listcount=\count293
\c@bookmark@seq@number=\count294

(D:\PortableApps\MikTex\texmfs\install\tex/latex/rerunfilecheck\rerunfilecheck.
sty
Package: rerunfilecheck 2019/12/05 v1.9 Rerun checks for auxiliary files (HO)

(D:\PortableApps\MikTex\texmfs\install\tex/generic/uniquecounter\uniquecounter.
sty
Package: uniquecounter 2019/12/15 v1.4 Provide unlimited unique counter (HO)
)
Package uniquecounter Info: New unique counter `rerunfilecheck' on input line 2
86.
))
(D:\PortableApps\MikTex\texmfs\install\tex/latex/beamer\beamerbaserequires.sty
(D:\PortableApps\MikTex\texmfs\install\tex/latex/beamer\beamerbasecompatibility
.sty)
(D:\PortableApps\MikTex\texmfs\install\tex/latex/beamer\beamerbasefont.sty
(D:\PortableApps\MikTex\texmfs\install\tex/latex/amsfonts\amssymb.sty
Package: amssymb 2013/01/14 v3.01 AMS font symbols

(D:\PortableApps\MikTex\texmfs\install\tex/latex/amsfonts\amsfonts.sty
Package: amsfonts 2013/01/14 v3.01 Basic AMSFonts support
\@emptytoks=\toks27
\symAMSa=\mathgroup4
\symAMSb=\mathgroup5
LaTeX Font Info:    Redeclaring math symbol \hbar on input line 98.
LaTeX Font Info:    Overwriting math alphabet `\mathfrak' in version `bold'
(Font)                  U/euf/m/n --> U/euf/b/n on input line 106.
))
(D:\PortableApps\MikTex\texmfs\install\tex/latex/sansmathaccent\sansmathaccent.
sty
Package: sansmathaccent 2020/01/31
 (D:\PortableApps\MikTex\texmfs\install\tex/latex/koma-script\scrlfile.sty
Package: scrlfile 2020/09/21 v3.32 KOMA-Script package (file load hooks)

(D:\PortableApps\MikTex\texmfs\install\tex/latex/koma-script\scrlfile-hook.sty
Package: scrlfile-hook 2020/09/21 v3.32 KOMA-Script package (using LaTeX hooks)


LaTeX3 Info: Defining command \BeforeFile with sig. 'm' on line 61.


LaTeX3 Info: Defining command \AfterFile with sig. 'm' on line 65.


LaTeX3 Info: Defining command \BeforeClass with sig. 'm' on line 69.


LaTeX3 Info: Defining command \BeforePackage with sig. 'm' on line 73.


LaTeX3 Info: Defining command \AfterAtEndOfClass with sig. 'smo+m' on line 83.


LaTeX3 Info: Defining command \AfterAtEndOfPackage with sig. 'smo+m' on line
(LaTeX3)     93.


LaTeX3 Info: Defining command \scrlfile@AfterClass with sig. 'smo+m' on line
(LaTeX3)     173.


LaTeX3 Info: Defining command \AfterClass with sig. '' on line 174.


LaTeX3 Info: Defining command \scrlfile@AfterPackage with sig. 'smo+m' on line
(LaTeX3)     191.


LaTeX3 Info: Defining command \AfterPackage with sig. '' on line 192.


LaTeX3 Info: Defining command \ReplaceInput with sig. '' on line 193.


LaTeX3 Info: Defining command \ReplaceClass with sig. 'mm' on line 196.


LaTeX3 Info: Defining command \ReplacePackage with sig. 'mm' on line 199.


LaTeX3 Info: Defining command \UnReplaceInput with sig. '' on line 200.


LaTeX3 Info: Defining command \UnReplaceClass with sig. 'm' on line 203.


LaTeX3 Info: Defining command \UnReplacePackage with sig. 'mm' on line 206.


LaTeX3 Info: Defining command \PreventPackageFromLoading with sig. 's+om' on
(LaTeX3)     line 234.


LaTeX3 Info: Defining command \StorePreventPackageFromLoading with sig. 'm' on
(LaTeX3)     line 242.


LaTeX3 Info: Defining command \ResetPreventPackageFromLoading with sig. '' on
(LaTeX3)     line 247.


LaTeX3 Info: Defining command \UnPreventPackageFromLoading with sig. 'sm' on
(LaTeX3)     line 261.


LaTeX3 Info: Defining command \BeforeClosingMainAux with sig. 'om' on line
(LaTeX3)     274.


LaTeX3 Info: Defining command \AfterReadingMainAux with sig. 'om' on line 287.


LaTeX3 Info: Defining command \protected@immediate@write with sig. 'm+m+m' on
(LaTeX3)     line 298.


(D:\PortableApps\MikTex\texmfs\install\tex/latex/koma-script\scrlogo.sty
Package: scrlogo 2020/09/21 v3.32 KOMA-Script package (logo)
)))))
(D:\PortableApps\MikTex\texmfs\install\tex/latex/beamer\beamerbasetranslator.st
y (D:\PortableApps\MikTex\texmfs\install\tex/latex/translator\translator.sty
Package: translator 2020-08-03 v1.12c Easy translation of strings in LaTeX
))
(D:\PortableApps\MikTex\texmfs\install\tex/latex/beamer\beamerbasemisc.sty)
(D:\PortableApps\MikTex\texmfs\install\tex/latex/beamer\beamerbasetwoscreens.st
y)
(D:\PortableApps\MikTex\texmfs\install\tex/latex/beamer\beamerbaseoverlay.sty
\beamer@argscount=\count295
\beamer@lastskipcover=\skip50
\beamer@trivlistdepth=\count296
)
(D:\PortableApps\MikTex\texmfs\install\tex/latex/beamer\beamerbasetitle.sty)
(D:\PortableApps\MikTex\texmfs\install\tex/latex/beamer\beamerbasesection.sty
\c@lecture=\count297
\c@part=\count298
\c@section=\count299
\c@subsection=\count300
\c@subsubsection=\count301
)
(D:\PortableApps\MikTex\texmfs\install\tex/latex/beamer\beamerbaseframe.sty
\beamer@framebox=\box62
\beamer@frametitlebox=\box63
\beamer@zoombox=\box64
\beamer@zoomcount=\count302
\beamer@zoomframecount=\count303
\beamer@frametextheight=\dimen261
\c@subsectionslide=\count304
\beamer@frametopskip=\skip51
\beamer@framebottomskip=\skip52
\beamer@frametopskipautobreak=\skip53
\beamer@framebottomskipautobreak=\skip54
\beamer@envbody=\toks28
\framewidth=\dimen262
\c@framenumber=\count305
)
(D:\PortableApps\MikTex\texmfs\install\tex/latex/beamer\beamerbaseverbatim.sty
\beamer@verbatimfileout=\write4
)
(D:\PortableApps\MikTex\texmfs\install\tex/latex/beamer\beamerbaseframesize.sty
\beamer@splitbox=\box65
\beamer@autobreakcount=\count306
\beamer@autobreaklastheight=\dimen263
\beamer@frametitletoks=\toks29
\beamer@framesubtitletoks=\toks30
)
(D:\PortableApps\MikTex\texmfs\install\tex/latex/beamer\beamerbaseframecomponen
ts.sty
\beamer@footins=\box66
)
(D:\PortableApps\MikTex\texmfs\install\tex/latex/beamer\beamerbasecolor.sty)
(D:\PortableApps\MikTex\texmfs\install\tex/latex/beamer\beamerbasenotes.sty
\beamer@frameboxcopy=\box67
)
(D:\PortableApps\MikTex\texmfs\install\tex/latex/beamer\beamerbasetoc.sty)
(D:\PortableApps\MikTex\texmfs\install\tex/latex/beamer\beamerbasetemplates.sty
\beamer@sbttoks=\toks31

(D:\PortableApps\MikTex\texmfs\install\tex/latex/beamer\beamerbaseauxtemplates.
sty (D:\PortableApps\MikTex\texmfs\install\tex/latex/beamer\beamerbaseboxes.sty
\bmb@box=\box68
\bmb@colorbox=\box69
\bmb@boxwidth=\dimen264
\bmb@boxheight=\dimen265
\bmb@prevheight=\dimen266
\bmb@temp=\dimen267
\bmb@dima=\dimen268
\bmb@dimb=\dimen269
\bmb@prevheight=\dimen270
)
\beamer@blockheadheight=\dimen271
))
(D:\PortableApps\MikTex\texmfs\install\tex/latex/beamer\beamerbaselocalstructur
e.sty
(D:\PortableApps\MikTex\texmfs\install\tex/latex/latex-tools\enumerate.sty
Package: enumerate 2015/07/23 v3.00 enumerate extensions (DPC)
\@enLab=\toks32
)
\beamer@bibiconwidth=\skip55
\c@figure=\count307
\c@table=\count308
\abovecaptionskip=\skip56
\belowcaptionskip=\skip57
)
(D:\PortableApps\MikTex\texmfs\install\tex/latex/beamer\beamerbasenavigation.st
y
\beamer@section@min@dim=\dimen272
)
(D:\PortableApps\MikTex\texmfs\install\tex/latex/beamer\beamerbasetheorems.sty
(D:\PortableApps\MikTex\texmfs\install\tex/latex/amsmath\amsmath.sty
Package: amsmath 2020/09/23 v2.17i AMS math features
\@mathmargin=\skip58

For additional information on amsmath, use the `?' option.
(D:\PortableApps\MikTex\texmfs\install\tex/latex/amsmath\amstext.sty
Package: amstext 2000/06/29 v2.01 AMS text

(D:\PortableApps\MikTex\texmfs\install\tex/latex/amsmath\amsgen.sty
File: amsgen.sty 1999/11/30 v2.0 generic functions
\@emptytoks=\toks33
\ex@=\dimen273
))
(D:\PortableApps\MikTex\texmfs\install\tex/latex/amsmath\amsbsy.sty
Package: amsbsy 1999/11/29 v1.2d Bold Symbols
\pmbraise@=\dimen274
)
(D:\PortableApps\MikTex\texmfs\install\tex/latex/amsmath\amsopn.sty
Package: amsopn 2016/03/08 v2.02 operator names
)
\inf@bad=\count309
LaTeX Info: Redefining \frac on input line 234.
\uproot@=\count310
\leftroot@=\count311
LaTeX Info: Redefining \overline on input line 399.
\classnum@=\count312
\DOTSCASE@=\count313
LaTeX Info: Redefining \ldots on input line 496.
LaTeX Info: Redefining \dots on input line 499.
LaTeX Info: Redefining \cdots on input line 620.
\Mathstrutbox@=\box70
\strutbox@=\box71
\big@size=\dimen275
LaTeX Font Info:    Redeclaring font encoding OML on input line 743.
LaTeX Font Info:    Redeclaring font encoding OMS on input line 744.
\macc@depth=\count314
\c@MaxMatrixCols=\count315
\dotsspace@=\muskip17
\c@parentequation=\count316
\dspbrk@lvl=\count317
\tag@help=\toks34
\row@=\count318
\column@=\count319
\maxfields@=\count320
\andhelp@=\toks35
\eqnshift@=\dimen276
\alignsep@=\dimen277
\tagshift@=\dimen278
\tagwidth@=\dimen279
\totwidth@=\dimen280
\lineht@=\dimen281
\@envbody=\toks36
\multlinegap=\skip59
\multlinetaggap=\skip60
\mathdisplay@stack=\toks37
LaTeX Info: Redefining \[ on input line 2923.
LaTeX Info: Redefining \] on input line 2924.
)
(D:\PortableApps\MikTex\texmfs\install\tex/latex/amscls\amsthm.sty
Package: amsthm 2020/05/29 v2.20.6
\thm@style=\toks38
\thm@bodyfont=\toks39
\thm@headfont=\toks40
\thm@notefont=\toks41
\thm@headpunct=\toks42
\thm@preskip=\skip61
\thm@postskip=\skip62
\thm@headsep=\skip63
\dth@everypar=\toks43
)
\c@theorem=\count321
)
(D:\PortableApps\MikTex\texmfs\install\tex/latex/beamer\beamerbasethemes.sty))
(D:\PortableApps\MikTex\texmfs\install\tex/latex/beamer\beamerthemedefault.sty
(D:\PortableApps\MikTex\texmfs\install\tex/latex/beamer\beamerfontthemedefault.
sty)
(D:\PortableApps\MikTex\texmfs\install\tex/latex/beamer\beamercolorthemedefault
.sty)
(D:\PortableApps\MikTex\texmfs\install\tex/latex/beamer\beamerinnerthemedefault
.sty
\beamer@dima=\dimen282
\beamer@dimb=\dimen283
)
(D:\PortableApps\MikTex\texmfs\install\tex/latex/beamer\beamerouterthemedefault
.sty)))
(D:\PortableApps\MikTex\texmfs\install\tex/latex/beamer\beamerthemeWarsaw.sty
(D:\PortableApps\MikTex\texmfs\install\tex/latex/beamer\beamerinnerthemerounded
.sty)
(D:\PortableApps\MikTex\texmfs\install\tex/latex/beamer\beamerouterthemeshadow.
sty
(D:\PortableApps\MikTex\texmfs\install\tex/latex/beamer\beamerouterthemesplit.s
ty))
(D:\PortableApps\MikTex\texmfs\install\tex/latex/beamer\beamercolorthemeorchid.
sty)
(D:\PortableApps\MikTex\texmfs\install\tex/latex/beamer\beamercolorthemewhale.s
ty)) (D:\PortableApps\MikTex\texmfs\install\tex/generic/babel\babel.sty
Package: babel 2021/02/22 3.54 The Babel package

(D:\PortableApps\MikTex\texmfs\install\tex/generic/babel\babel.def
File: babel.def 2021/02/22 3.54 Babel common definitions
\babel@savecnt=\count322
\U@D=\dimen284
\l@babelnohyphens=\language65

(D:\PortableApps\MikTex\texmfs\install\tex/generic/babel\txtbabel.def)
\bbl@readstream=\read3
)
LaTeX Info: Redefining \textlatin on input line 717.
\bbl@dirlevel=\count323

*************************************
* Local config file bblopts.cfg used
*
(D:\PortableApps\MikTex\texmfs\install\tex/latex/arabi\bblopts.cfg
File: bblopts.cfg 2005/09/08 v0.1 add Arabic and Farsi to "declared" options of
 babel
)
(D:\PortableApps\MikTex\texmfs\install\tex/latex/babel-portuges\brazil.ldf
Language: portuges 2021/02/04 v1.2s Portuguese support from the babel system
Package babel Info: \l@brazil = using hyphenrules for portuguese
(babel)             (\language42) on input line 111.
Package babel Info: Making " an active character on input line 143.
))
(D:\PortableApps\MikTex\texmfs\install\tex/latex/base\inputenc.sty
Package: inputenc 2020/08/01 v1.3d Input encoding file
\inpenc@prehook=\toks44
\inpenc@posthook=\toks45
)
(D:\PortableApps\MikTex\texmfs\install\tex/latex/psnfss\times.sty
Package: times 2020/03/25 PSNFSS-v9.3 (SPQR) 
)
(D:\PortableApps\MikTex\texmfs\install\tex/latex/base\fontenc.sty
Package: fontenc 2020/08/10 v2.0s Standard LaTeX package
LaTeX Font Info:    Trying to load font information for T1+phv on input line 11
2.

(D:\PortableApps\MikTex\texmfs\install\tex/latex/psnfss\t1phv.fd
File: t1phv.fd 2020/03/25 scalable font definitions for T1/phv.
))
(D:\PortableApps\MikTex\texmfs\install\tex/latex/graphics\epsfig.sty
Package: epsfig 2017/06/25 v1.7b (e)psfig emulation (SPQR)
\epsfxsize=\dimen285
\epsfysize=\dimen286
)
(D:\PortableApps\MikTex\texmfs\install\tex/latex/listings\listings.sty
\lst@mode=\count324
\lst@gtempboxa=\box72
\lst@token=\toks46
\lst@length=\count325
\lst@currlwidth=\dimen287
\lst@column=\count326
\lst@pos=\count327
\lst@lostspace=\dimen288
\lst@width=\dimen289
\lst@newlines=\count328
\lst@lineno=\count329
\lst@maxwidth=\dimen290

(D:\PortableApps\MikTex\texmfs\install\tex/latex/listings\lstmisc.sty
File: lstmisc.sty 2020/03/24 1.8d (Carsten Heinz)
\c@lstnumber=\count330
\lst@skipnumbers=\count331
\lst@framebox=\box73
)
(D:\PortableApps\MikTex\texmfs\install\tex/latex/listings\listings.cfg
File: listings.cfg 2020/03/24 1.8d listings configuration
))
Package: listings 2020/03/24 1.8d (Carsten Heinz)

(D:\PortableApps\MikTex\texmfs\install\tex/latex/multirow\multirow.sty
Package: multirow 2021/01/29 v2.7 Span multiple rows of a table
\multirow@colwidth=\skip64
\multirow@cntb=\count332
\multirow@dima=\skip65
\bigstrutjot=\dimen291
)
(D:\PortableApps\MikTex\texmfs\install\tex/latex/pgf/frontendlayer\tikz.sty
(D:\PortableApps\MikTex\texmfs\install\tex/latex/pgf/basiclayer\pgf.sty
Package: pgf 2020/12/27 v3.1.8b (3.1.8b)

(D:\PortableApps\MikTex\texmfs\install\tex/generic/pgf/modules\pgfmoduleshapes.
code.tex
File: pgfmoduleshapes.code.tex 2020/12/27 v3.1.8b (3.1.8b)
\pgfnodeparttextbox=\box74
)
(D:\PortableApps\MikTex\texmfs\install\tex/generic/pgf/modules\pgfmoduleplot.co
de.tex
File: pgfmoduleplot.code.tex 2020/12/27 v3.1.8b (3.1.8b)
)
(D:\PortableApps\MikTex\texmfs\install\tex/latex/pgf/compatibility\pgfcomp-vers
ion-0-65.sty
Package: pgfcomp-version-0-65 2020/12/27 v3.1.8b (3.1.8b)
\pgf@nodesepstart=\dimen292
\pgf@nodesepend=\dimen293
)
(D:\PortableApps\MikTex\texmfs\install\tex/latex/pgf/compatibility\pgfcomp-vers
ion-1-18.sty
Package: pgfcomp-version-1-18 2020/12/27 v3.1.8b (3.1.8b)
))
(D:\PortableApps\MikTex\texmfs\install\tex/latex/pgf/utilities\pgffor.sty
(D:\PortableApps\MikTex\texmfs\install\tex/latex/pgf/utilities\pgfkeys.sty
(D:\PortableApps\MikTex\texmfs\install\tex/generic/pgf/utilities\pgfkeys.code.t
ex)) (D:\PortableApps\MikTex\texmfs\install\tex/latex/pgf/math\pgfmath.sty
(D:\PortableApps\MikTex\texmfs\install\tex/generic/pgf/math\pgfmath.code.tex))
(D:\PortableApps\MikTex\texmfs\install\tex/generic/pgf/utilities\pgffor.code.te
x
Package: pgffor 2020/12/27 v3.1.8b (3.1.8b)
 (D:\PortableApps\MikTex\texmfs\install\tex/generic/pgf/math\pgfmath.code.tex)
\pgffor@iter=\dimen294
\pgffor@skip=\dimen295
\pgffor@stack=\toks47
\pgffor@toks=\toks48
))
(D:\PortableApps\MikTex\texmfs\install\tex/generic/pgf/frontendlayer/tikz\tikz.
code.tex
Package: tikz 2020/12/27 v3.1.8b (3.1.8b)

(D:\PortableApps\MikTex\texmfs\install\tex/generic/pgf/libraries\pgflibraryplot
handlers.code.tex
File: pgflibraryplothandlers.code.tex 2020/12/27 v3.1.8b (3.1.8b)
\pgf@plot@mark@count=\count333
\pgfplotmarksize=\dimen296
)
\tikz@lastx=\dimen297
\tikz@lasty=\dimen298
\tikz@lastxsaved=\dimen299
\tikz@lastysaved=\dimen300
\tikz@lastmovetox=\dimen301
\tikz@lastmovetoy=\dimen302
\tikzleveldistance=\dimen303
\tikzsiblingdistance=\dimen304
\tikz@figbox=\box75
\tikz@figbox@bg=\box76
\tikz@tempbox=\box77
\tikz@tempbox@bg=\box78
\tikztreelevel=\count334
\tikznumberofchildren=\count335
\tikznumberofcurrentchild=\count336
\tikz@fig@count=\count337

(D:\PortableApps\MikTex\texmfs\install\tex/generic/pgf/modules\pgfmodulematrix.
code.tex
File: pgfmodulematrix.code.tex 2020/12/27 v3.1.8b (3.1.8b)
\pgfmatrixcurrentrow=\count338
\pgfmatrixcurrentcolumn=\count339
\pgf@matrix@numberofcolumns=\count340
)
\tikz@expandcount=\count341

(D:\PortableApps\MikTex\texmfs\install\tex/generic/pgf/frontendlayer/tikz/libra
ries\tikzlibrarytopaths.code.tex
File: tikzlibrarytopaths.code.tex 2020/12/27 v3.1.8b (3.1.8b)
)))
(D:\PortableApps\MikTex\texmfs\install\tex/latex/textpos\textpos.sty
Package: textpos 2020/09/26 v1.10

Package: textpos 2020/09/26 1.10, absolute positioning of text on the page
Package textpos Info: choosing support for LaTeX3 on input line 61.
\TP@textbox=\box79
\TPHorizModule=\dimen305
\TPVertModule=\dimen306
\TP@margin=\dimen307
\TP@absmargin=\dimen308
Grid set 16 x 16 = 22.7622pt x 17.07166pt
\TPboxrulesize=\dimen309
\TP@tbargs=\toks49
) (D:\PortableApps\MikTex\texmfs\install\tex/latex/listings\lstlang1.sty
File: lstlang1.sty 2020/03/24 1.8d listings language file
)
(D:\PortableApps\MikTex\texmfs\install\tex/latex/l3backend\l3backend-pdftex.def
File: l3backend-pdftex.def 2021-03-02 L3 backend support: PDF output (pdfTeX)
\l__color_backend_stack_int=\count342
\l__pdf_internal_box=\box80
) (clp-aula-3-tipos.aux)
\openout1 = `clp-aula-3-tipos.aux'.

LaTeX Font Info:    Checking defaults for OML/cmm/m/it on input line 45.
LaTeX Font Info:    ... okay on input line 45.
LaTeX Font Info:    Checking defaults for OMS/cmsy/m/n on input line 45.
LaTeX Font Info:    ... okay on input line 45.
LaTeX Font Info:    Checking defaults for OT1/cmr/m/n on input line 45.
LaTeX Font Info:    ... okay on input line 45.
LaTeX Font Info:    Checking defaults for T1/cmr/m/n on input line 45.
LaTeX Font Info:    ... okay on input line 45.
LaTeX Font Info:    Checking defaults for TS1/cmr/m/n on input line 45.
LaTeX Font Info:    ... okay on input line 45.
LaTeX Font Info:    Checking defaults for OMX/cmex/m/n on input line 45.
LaTeX Font Info:    ... okay on input line 45.
LaTeX Font Info:    Checking defaults for U/cmr/m/n on input line 45.
LaTeX Font Info:    ... okay on input line 45.
LaTeX Font Info:    Checking defaults for PD1/pdf/m/n on input line 45.
LaTeX Font Info:    ... okay on input line 45.
LaTeX Font Info:    Checking defaults for PU/pdf/m/n on input line 45.
LaTeX Font Info:    ... okay on input line 45.

*geometry* driver: auto-detecting
*geometry* detected driver: pdftex
*geometry* verbose mode - [ preamble ] result:
* driver: pdftex
* paper: custom
* layout: <same size as paper>
* layoutoffset:(h,v)=(0.0pt,0.0pt)
* modes: includehead includefoot 
* h-part:(L,W,R)=(28.45274pt, 307.28987pt, 28.45274pt)
* v-part:(T,H,B)=(0.0pt, 273.14662pt, 0.0pt)
* \paperwidth=364.19536pt
* \paperheight=273.14662pt
* \textwidth=307.28987pt
* \textheight=244.6939pt
* \oddsidemargin=-43.81725pt
* \evensidemargin=-43.81725pt
* \topmargin=-72.26999pt
* \headheight=14.22636pt
* \headsep=0.0pt
* \topskip=11.0pt
* \footskip=14.22636pt
* \marginparwidth=4.0pt
* \marginparsep=10.0pt
* \columnsep=10.0pt
* \skip\footins=10.0pt plus 4.0pt minus 2.0pt
* \hoffset=0.0pt
* \voffset=0.0pt
* \mag=1000
* \@twocolumnfalse
* \@twosidefalse
* \@mparswitchfalse
* \@reversemarginfalse
* (1in=72.27pt=25.4mm, 1cm=28.453pt)

(D:\PortableApps\MikTex\texmfs\install\tex/context/base/mkii\supp-pdf.mkii
[Loading MPS to PDF converter (version 2006.09.02).]
\scratchcounter=\count343
\scratchdimen=\dimen310
\scratchbox=\box81
\nofMPsegments=\count344
\nofMParguments=\count345
\everyMPshowfont=\toks50
\MPscratchCnt=\count346
\MPscratchDim=\dimen311
\MPnumerator=\count347
\makeMPintoPDFobject=\count348
\everyMPtoPDFconversion=\toks51
)
(D:\PortableApps\MikTex\texmfs\install\tex/latex/epstopdf-pkg\epstopdf-base.sty
Package: epstopdf-base 2020-01-24 v2.11 Base part for package epstopdf
Package epstopdf-base Info: Redefining graphics rule for `.eps' on input line 4
85.
)
Package hyperref Info: Link coloring OFF on input line 45.
 (D:\PortableApps\MikTex\texmfs\install\tex/latex/hyperref\nameref.sty
Package: nameref 2021-04-02 v2.47 Cross-referencing by name of section

(D:\PortableApps\MikTex\texmfs\install\tex/latex/refcount\refcount.sty
Package: refcount 2019/12/15 v3.6 Data extraction from label references (HO)
)
(D:\PortableApps\MikTex\texmfs\install\tex/generic/gettitlestring\gettitlestrin
g.sty
Package: gettitlestring 2019/12/15 v1.6 Cleanup title references (HO)
)
\c@section@level=\count349
)
LaTeX Info: Redefining \ref on input line 45.
LaTeX Info: Redefining \pageref on input line 45.
LaTeX Info: Redefining \nameref on input line 45.
 (clp-aula-3-tipos.out) (clp-aula-3-tipos.out)
\@outlinefile=\write5
\openout5 = `clp-aula-3-tipos.out'.

LaTeX Font Info:    Overwriting symbol font `operators' in version `normal'
(Font)                  OT1/cmr/m/n --> OT1/cmss/m/n on input line 45.
LaTeX Font Info:    Overwriting symbol font `operators' in version `bold'
(Font)                  OT1/cmr/bx/n --> OT1/cmss/b/n on input line 45.
\symnumbers=\mathgroup6
\sympureletters=\mathgroup7
LaTeX Font Info:    Overwriting math alphabet `\mathrm' in version `normal'
(Font)                  OT1/cmss/m/n --> T1/ptm/m/n on input line 45.
LaTeX Font Info:    Redeclaring math alphabet \mathbf on input line 45.
LaTeX Font Info:    Overwriting math alphabet `\mathbf' in version `normal'
(Font)                  OT1/cmr/bx/n --> T1/phv/b/n on input line 45.
LaTeX Font Info:    Overwriting math alphabet `\mathbf' in version `bold'
(Font)                  OT1/cmr/bx/n --> T1/phv/b/n on input line 45.
LaTeX Font Info:    Redeclaring math alphabet \mathsf on input line 45.
LaTeX Font Info:    Overwriting math alphabet `\mathsf' in version `normal'
(Font)                  OT1/cmss/m/n --> T1/phv/m/n on input line 45.
LaTeX Font Info:    Overwriting math alphabet `\mathsf' in version `bold'
(Font)                  OT1/cmss/bx/n --> T1/phv/m/n on input line 45.
LaTeX Font Info:    Redeclaring math alphabet \mathit on input line 45.
LaTeX Font Info:    Overwriting math alphabet `\mathit' in version `normal'
(Font)                  OT1/cmr/m/it --> T1/phv/m/it on input line 45.
LaTeX Font Info:    Overwriting math alphabet `\mathit' in version `bold'
(Font)                  OT1/cmr/bx/it --> T1/phv/m/it on input line 45.
LaTeX Font Info:    Redeclaring math alphabet \mathtt on input line 45.
LaTeX Font Info:    Overwriting math alphabet `\mathtt' in version `normal'
(Font)                  OT1/cmtt/m/n --> T1/pcr/m/n on input line 45.
LaTeX Font Info:    Overwriting math alphabet `\mathtt' in version `bold'
(Font)                  OT1/cmtt/m/n --> T1/pcr/m/n on input line 45.
LaTeX Font Info:    Overwriting symbol font `numbers' in version `bold'
(Font)                  T1/phv/m/n --> T1/phv/b/n on input line 45.
LaTeX Font Info:    Overwriting symbol font `pureletters' in version `bold'
(Font)                  T1/phv/m/it --> T1/phv/b/it on input line 45.
LaTeX Font Info:    Overwriting math alphabet `\mathrm' in version `bold'
(Font)                  OT1/cmss/b/n --> T1/ptm/b/n on input line 45.
LaTeX Font Info:    Overwriting math alphabet `\mathbf' in version `bold'
(Font)                  T1/phv/b/n --> T1/phv/b/n on input line 45.
LaTeX Font Info:    Overwriting math alphabet `\mathsf' in version `bold'
(Font)                  T1/phv/m/n --> T1/phv/b/n on input line 45.
LaTeX Font Info:    Overwriting math alphabet `\mathit' in version `bold'
(Font)                  T1/phv/m/it --> T1/phv/b/it on input line 45.
LaTeX Font Info:    Overwriting math alphabet `\mathtt' in version `bold'
(Font)                  T1/pcr/m/n --> T1/pcr/b/n on input line 45.

(D:\PortableApps\MikTex\texmfs\install\tex/latex/translator\translator-basic-di
ctionary-English.dict
Dictionary: translator-basic-dictionary, Language: English 
)
(D:\PortableApps\MikTex\texmfs\install\tex/latex/translator\translator-bibliogr
aphy-dictionary-English.dict
Dictionary: translator-bibliography-dictionary, Language: English 
)
(D:\PortableApps\MikTex\texmfs\install\tex/latex/translator\translator-environm
ent-dictionary-English.dict
Dictionary: translator-environment-dictionary, Language: English 
)
(D:\PortableApps\MikTex\texmfs\install\tex/latex/translator\translator-months-d
ictionary-English.dict
Dictionary: translator-months-dictionary, Language: English 
)
(D:\PortableApps\MikTex\texmfs\install\tex/latex/translator\translator-numbers-
dictionary-English.dict
Dictionary: translator-numbers-dictionary, Language: English 
)
(D:\PortableApps\MikTex\texmfs\install\tex/latex/translator\translator-theorem-
dictionary-English.dict
Dictionary: translator-theorem-dictionary, Language: English 
)
\c@lstlisting=\count350
 (clp-aula-3-tipos.nav)
<puclogo_small_bw.pdf, id=69, 125.0271pt x 119.0046pt>
File: puclogo_small_bw.pdf Graphic file (type pdf)
<use puclogo_small_bw.pdf>
Package pdftex.def Info: puclogo_small_bw.pdf  used on input line 52.
(pdftex.def)             Requested size: 42.67912pt x 40.62262pt.
 [1{D:/PortableApps/MikTex/texmfs/data/pdftex/config/pdftex.map}

 <./puclogo_small_bw.pdf>]
(clp-aula-3-tipos.toc) [2

]
LaTeX Font Info:    Font shape `T1/phv/m/it' in size <10> not available
(Font)              Font shape `T1/phv/m/sl' tried instead on input line 112.
LaTeX Font Info:    Trying to load font information for U+msa on input line 112
.

(D:\PortableApps\MikTex\texmfs\install\tex/latex/amsfonts\umsa.fd
File: umsa.fd 2013/01/14 v3.01 AMS symbols A
)
LaTeX Font Info:    Trying to load font information for U+msb on input line 112
.

(D:\PortableApps\MikTex\texmfs\install\tex/latex/amsfonts\umsb.fd
File: umsb.fd 2013/01/14 v3.01 AMS symbols B
)
LaTeX Font Info:    Font shape `T1/phv/m/it' in size <9> not available
(Font)              Font shape `T1/phv/m/sl' tried instead on input line 112.
LaTeX Font Info:    Font shape `T1/phv/m/it' in size <6> not available
(Font)              Font shape `T1/phv/m/sl' tried instead on input line 112.
LaTeX Font Info:    Font shape `T1/phv/m/it' in size <5> not available
(Font)              Font shape `T1/phv/m/sl' tried instead on input line 112.
File: puclogo_small_bw.pdf Graphic file (type pdf)
<use puclogo_small_bw.pdf>
Package pdftex.def Info: puclogo_small_bw.pdf  used on input line 112.
(pdftex.def)             Requested size: 29.89264pt x 28.45274pt.

Overfull \hbox (1.4399pt too wide) in paragraph at lines 112--112
[][]  
 []


Overfull \vbox (0.8034pt too high) has occurred while \output is active []


[3

]
\openout4 = `clp-aula-3-tipos.vrb'.

 (clp-aula-3-tipos.vrb
LaTeX Font Info:    Font shape `T1/phv/m/it' in size <8> not available
(Font)              Font shape `T1/phv/m/sl' tried instead on input line 17.
LaTeX Font Info:    Font shape `T1/phv/b/it' in size <8> not available
(Font)              Font shape `T1/phv/b/sl' tried instead on input line 19.
)
File: puclogo_small_bw.pdf Graphic file (type pdf)
<use puclogo_small_bw.pdf>
Package pdftex.def Info: puclogo_small_bw.pdf  used on input line 144.
(pdftex.def)             Requested size: 29.89264pt x 28.45274pt.

Overfull \hbox (1.4399pt too wide) in paragraph at lines 144--144
[][]  
 []


Overfull \vbox (0.8034pt too high) has occurred while \output is active []


[4

]
\openout4 = `clp-aula-3-tipos.vrb'.

 (clp-aula-3-tipos.vrb)
File: puclogo_small_bw.pdf Graphic file (type pdf)
<use puclogo_small_bw.pdf>
Package pdftex.def Info: puclogo_small_bw.pdf  used on input line 169.
(pdftex.def)             Requested size: 29.89264pt x 28.45274pt.

Overfull \hbox (1.4399pt too wide) in paragraph at lines 169--169
[][]  
 []


Overfull \vbox (0.8034pt too high) has occurred while \output is active []


[5

]
\openout4 = `clp-aula-3-tipos.vrb'.

 (clp-aula-3-tipos.vrb
LaTeX Font Info:    Font shape `T1/phv/m/it' in size <10.95> not available
(Font)              Font shape `T1/phv/m/sl' tried instead on input line 4.
)
File: puclogo_small_bw.pdf Graphic file (type pdf)
<use puclogo_small_bw.pdf>
Package pdftex.def Info: puclogo_small_bw.pdf  used on input line 184.
(pdftex.def)             Requested size: 29.89264pt x 28.45274pt.

Overfull \hbox (1.4399pt too wide) in paragraph at lines 184--184
[][]  
 []


Overfull \vbox (0.8034pt too high) has occurred while \output is active []


[6

]
\openout4 = `clp-aula-3-tipos.vrb'.

 (clp-aula-3-tipos.vrb
LaTeX Font Info:    Trying to load font information for T1+pcr on input line 6.


(D:\PortableApps\MikTex\texmfs\install\tex/latex/psnfss\t1pcr.fd
File: t1pcr.fd 2001/06/04 font definitions for T1/pcr.
))
File: puclogo_small_bw.pdf Graphic file (type pdf)
<use puclogo_small_bw.pdf>
Package pdftex.def Info: puclogo_small_bw.pdf  used on input line 197.
(pdftex.def)             Requested size: 29.89264pt x 28.45274pt.

Overfull \hbox (1.4399pt too wide) in paragraph at lines 197--197
[][]  
 []


Overfull \vbox (0.8034pt too high) has occurred while \output is active []


[7

]
\openout4 = `clp-aula-3-tipos.vrb'.

 (clp-aula-3-tipos.vrb)
File: puclogo_small_bw.pdf Graphic file (type pdf)
<use puclogo_small_bw.pdf>
Package pdftex.def Info: puclogo_small_bw.pdf  used on input line 213.
(pdftex.def)             Requested size: 29.89264pt x 28.45274pt.

Overfull \hbox (1.4399pt too wide) in paragraph at lines 213--213
[][]  
 []


Overfull \vbox (0.8034pt too high) has occurred while \output is active []


[8

]
\openout4 = `clp-aula-3-tipos.vrb'.

 (clp-aula-3-tipos.vrb

pdfTeX warning: pdflatex.exe (file ./figuras/stringestatica.pdf): PDF inclusion
: found PDF version <1.6>, but at most version <1.5> allowed
<figuras/stringestatica.pdf, id=254, 142.57265pt x 79.497pt>
File: figuras/stringestatica.pdf Graphic file (type pdf)
<use figuras/stringestatica.pdf>
Package pdftex.def Info: figuras/stringestatica.pdf  used on input line 4.
(pdftex.def)             Requested size: 113.81102pt x 63.4606pt.


pdfTeX warning: pdflatex.exe (file ./figuras/stringdinamica.pdf): PDF inclusion
: found PDF version <1.6>, but at most version <1.5> allowed
<figuras/stringdinamica.pdf, id=255, 158.34157pt x 103.80782pt>
File: figuras/stringdinamica.pdf Graphic file (type pdf)
<use figuras/stringdinamica.pdf>
Package pdftex.def Info: figuras/stringdinamica.pdf  used on input line 5.
(pdftex.def)             Requested size: 113.81102pt x 74.61484pt.

Overfull \hbox (1.23769pt too wide) in paragraph at lines 3--9
 [] 
 []

)
File: puclogo_small_bw.pdf Graphic file (type pdf)
<use puclogo_small_bw.pdf>
Package pdftex.def Info: puclogo_small_bw.pdf  used on input line 227.
(pdftex.def)             Requested size: 29.89264pt x 28.45274pt.

Overfull \hbox (1.4399pt too wide) in paragraph at lines 227--227
[][]  
 []


Overfull \vbox (0.8034pt too high) has occurred while \output is active []


[9

 <./figuras/stringestatica.pdf> <./figuras/stringdinamica.pdf>]
\openout4 = `clp-aula-3-tipos.vrb'.


(clp-aula-3-tipos.vrb
(D:\PortableApps\MikTex\texmfs\install\tex/latex/listings\lstlang1.sty
File: lstlang1.sty 2020/03/24 1.8d listings language file
)
(D:\PortableApps\MikTex\texmfs\install\tex/latex/listings\lstmisc.sty
File: lstmisc.sty 2020/03/24 1.8d (Carsten Heinz)
))
File: puclogo_small_bw.pdf Graphic file (type pdf)
<use puclogo_small_bw.pdf>
Package pdftex.def Info: puclogo_small_bw.pdf  used on input line 247.
(pdftex.def)             Requested size: 29.89264pt x 28.45274pt.

Overfull \hbox (1.4399pt too wide) in paragraph at lines 247--247
[][]  
 []


Overfull \vbox (0.8034pt too high) has occurred while \output is active []


[10

]
\openout4 = `clp-aula-3-tipos.vrb'.

 (clp-aula-3-tipos.vrb
(D:\PortableApps\MikTex\texmfs\install\tex/latex/listings\lstlang1.sty
File: lstlang1.sty 2020/03/24 1.8d listings language file
))
File: puclogo_small_bw.pdf Graphic file (type pdf)
<use puclogo_small_bw.pdf>
Package pdftex.def Info: puclogo_small_bw.pdf  used on input line 267.
(pdftex.def)             Requested size: 29.89264pt x 28.45274pt.

Overfull \hbox (1.4399pt too wide) in paragraph at lines 267--267
[][]  
 []


Overfull \vbox (0.8034pt too high) has occurred while \output is active []


[11

]
\openout4 = `clp-aula-3-tipos.vrb'.

 (clp-aula-3-tipos.vrb
LaTeX Font Info:    Trying to load font information for TS1+phv on input line 1
2.

(D:\PortableApps\MikTex\texmfs\install\tex/latex/psnfss\ts1phv.fd
File: ts1phv.fd 2020/03/25 scalable font definitions for TS1/phv.
))
File: puclogo_small_bw.pdf Graphic file (type pdf)
<use puclogo_small_bw.pdf>
Package pdftex.def Info: puclogo_small_bw.pdf  used on input line 295.
(pdftex.def)             Requested size: 29.89264pt x 28.45274pt.

Overfull \hbox (1.4399pt too wide) in paragraph at lines 295--295
[][]  
 []


Overfull \vbox (0.8034pt too high) has occurred while \output is active []


[12

]
File: puclogo_small_bw.pdf Graphic file (type pdf)
<use puclogo_small_bw.pdf>
Package pdftex.def Info: puclogo_small_bw.pdf  used on input line 312.
(pdftex.def)             Requested size: 29.89264pt x 28.45274pt.

Overfull \hbox (1.4399pt too wide) in paragraph at lines 312--312
[][]  
 []


Overfull \vbox (0.8034pt too high) has occurred while \output is active []


[13

]
\openout4 = `clp-aula-3-tipos.vrb'.

 (clp-aula-3-tipos.vrb)
File: puclogo_small_bw.pdf Graphic file (type pdf)
<use puclogo_small_bw.pdf>
Package pdftex.def Info: puclogo_small_bw.pdf  used on input line 323.
(pdftex.def)             Requested size: 29.89264pt x 28.45274pt.

Overfull \hbox (1.4399pt too wide) in paragraph at lines 323--323
[][]  
 []


Overfull \vbox (0.8034pt too high) has occurred while \output is active []


[14

]
\openout4 = `clp-aula-3-tipos.vrb'.

 (clp-aula-3-tipos.vrb)
File: puclogo_small_bw.pdf Graphic file (type pdf)
<use puclogo_small_bw.pdf>
Package pdftex.def Info: puclogo_small_bw.pdf  used on input line 349.
(pdftex.def)             Requested size: 29.89264pt x 28.45274pt.

Overfull \hbox (1.4399pt too wide) in paragraph at lines 349--349
[][]  
 []


Overfull \vbox (0.8034pt too high) has occurred while \output is active []


[15

]
LaTeX Font Info:    Font shape `T1/phv/m/it' in size <7> not available
(Font)              Font shape `T1/phv/m/sl' tried instead on input line 371.
File: puclogo_small_bw.pdf Graphic file (type pdf)
<use puclogo_small_bw.pdf>
Package pdftex.def Info: puclogo_small_bw.pdf  used on input line 371.
(pdftex.def)             Requested size: 29.89264pt x 28.45274pt.

Overfull \hbox (1.4399pt too wide) in paragraph at lines 371--371
[][]  
 []


Overfull \vbox (0.8034pt too high) has occurred while \output is active []


[16

]
\openout4 = `clp-aula-3-tipos.vrb'.

 (clp-aula-3-tipos.vrb)
File: puclogo_small_bw.pdf Graphic file (type pdf)
<use puclogo_small_bw.pdf>
Package pdftex.def Info: puclogo_small_bw.pdf  used on input line 395.
(pdftex.def)             Requested size: 29.89264pt x 28.45274pt.

Overfull \hbox (1.4399pt too wide) in paragraph at lines 395--395
[][]  
 []


Overfull \vbox (0.8034pt too high) has occurred while \output is active []


[17

]
\openout4 = `clp-aula-3-tipos.vrb'.

 (clp-aula-3-tipos.vrb)
File: puclogo_small_bw.pdf Graphic file (type pdf)
<use puclogo_small_bw.pdf>
Package pdftex.def Info: puclogo_small_bw.pdf  used on input line 421.
(pdftex.def)             Requested size: 29.89264pt x 28.45274pt.

Overfull \hbox (1.4399pt too wide) in paragraph at lines 421--421
[][]  
 []


Overfull \vbox (0.8034pt too high) has occurred while \output is active []


[18

]
LaTeX Font Info:    Trying to load font information for T1+ptm on input line 44
4.
 (D:\PortableApps\MikTex\texmfs\install\tex/latex/psnfss\t1ptm.fd
File: t1ptm.fd 2001/06/04 font definitions for T1/ptm.
)
File: puclogo_small_bw.pdf Graphic file (type pdf)
<use puclogo_small_bw.pdf>
Package pdftex.def Info: puclogo_small_bw.pdf  used on input line 444.
(pdftex.def)             Requested size: 29.89264pt x 28.45274pt.

Overfull \hbox (1.4399pt too wide) in paragraph at lines 444--444
[][]  
 []


Overfull \vbox (0.8034pt too high) has occurred while \output is active []


[19

]
\openout4 = `clp-aula-3-tipos.vrb'.

 (clp-aula-3-tipos.vrb

pdfTeX warning: pdflatex.exe (file ./figuras/registro.pdf): PDF inclusion: foun
d PDF version <1.6>, but at most version <1.5> allowed
<figuras/registro.pdf, id=454, 407.34183pt x 609.03535pt>
File: figuras/registro.pdf Graphic file (type pdf)
<use figuras/registro.pdf>
Package pdftex.def Info: figuras/registro.pdf  used on input line 5.
(pdftex.def)             Requested size: 108.12054pt x 161.6538pt.
)
File: puclogo_small_bw.pdf Graphic file (type pdf)
<use puclogo_small_bw.pdf>
Package pdftex.def Info: puclogo_small_bw.pdf  used on input line 453.
(pdftex.def)             Requested size: 29.89264pt x 28.45274pt.

Overfull \hbox (1.4399pt too wide) in paragraph at lines 453--453
[][]  
 []


Overfull \vbox (0.8034pt too high) has occurred while \output is active []


[20

 <./figuras/registro.pdf>]
File: puclogo_small_bw.pdf Graphic file (type pdf)
<use puclogo_small_bw.pdf>
Package pdftex.def Info: puclogo_small_bw.pdf  used on input line 470.
(pdftex.def)             Requested size: 29.89264pt x 28.45274pt.

Overfull \hbox (1.4399pt too wide) in paragraph at lines 470--470
[][]  
 []


Overfull \vbox (0.8034pt too high) has occurred while \output is active []


[21

]
\openout4 = `clp-aula-3-tipos.vrb'.

 (clp-aula-3-tipos.vrb)
File: puclogo_small_bw.pdf Graphic file (type pdf)
<use puclogo_small_bw.pdf>
Package pdftex.def Info: puclogo_small_bw.pdf  used on input line 497.
(pdftex.def)             Requested size: 29.89264pt x 28.45274pt.

Overfull \hbox (1.4399pt too wide) in paragraph at lines 497--497
[][]  
 []


Overfull \vbox (0.8034pt too high) has occurred while \output is active []


[22

]
\openout4 = `clp-aula-3-tipos.vrb'.

 (clp-aula-3-tipos.vrb)
File: puclogo_small_bw.pdf Graphic file (type pdf)
<use puclogo_small_bw.pdf>
Package pdftex.def Info: puclogo_small_bw.pdf  used on input line 522.
(pdftex.def)             Requested size: 29.89264pt x 28.45274pt.

Overfull \hbox (1.4399pt too wide) in paragraph at lines 522--522
[][]  
 []


Overfull \vbox (0.8034pt too high) has occurred while \output is active []


[23

]
File: puclogo_small_bw.pdf Graphic file (type pdf)
<use puclogo_small_bw.pdf>
Package pdftex.def Info: puclogo_small_bw.pdf  used on input line 545.
(pdftex.def)             Requested size: 29.89264pt x 28.45274pt.

Overfull \hbox (1.4399pt too wide) in paragraph at lines 545--545
[][]  
 []


Overfull \vbox (0.8034pt too high) has occurred while \output is active []


[24

]
\openout4 = `clp-aula-3-tipos.vrb'.

 (clp-aula-3-tipos.vrb
(D:\PortableApps\MikTex\texmfs\install\tex/latex/listings\lstlang1.sty
File: lstlang1.sty 2020/03/24 1.8d listings language file
))
File: puclogo_small_bw.pdf Graphic file (type pdf)
<use puclogo_small_bw.pdf>
Package pdftex.def Info: puclogo_small_bw.pdf  used on input line 566.
(pdftex.def)             Requested size: 29.89264pt x 28.45274pt.

Overfull \hbox (1.4399pt too wide) in paragraph at lines 566--566
[][]  
 []


Overfull \vbox (0.8034pt too high) has occurred while \output is active []


[25

]
\openout4 = `clp-aula-3-tipos.vrb'.

 (clp-aula-3-tipos.vrb)
File: puclogo_small_bw.pdf Graphic file (type pdf)
<use puclogo_small_bw.pdf>
Package pdftex.def Info: puclogo_small_bw.pdf  used on input line 583.
(pdftex.def)             Requested size: 29.89264pt x 28.45274pt.

Overfull \hbox (1.4399pt too wide) in paragraph at lines 583--583
[][]  
 []


Overfull \vbox (0.8034pt too high) has occurred while \output is active []


[26

]
\openout4 = `clp-aula-3-tipos.vrb'.

 (clp-aula-3-tipos.vrb)
File: puclogo_small_bw.pdf Graphic file (type pdf)
<use puclogo_small_bw.pdf>
Package pdftex.def Info: puclogo_small_bw.pdf  used on input line 599.
(pdftex.def)             Requested size: 29.89264pt x 28.45274pt.

Overfull \hbox (1.4399pt too wide) in paragraph at lines 599--599
[][]  
 []


Overfull \vbox (0.8034pt too high) has occurred while \output is active []


[27

]
\openout4 = `clp-aula-3-tipos.vrb'.

 (clp-aula-3-tipos.vrb)
File: puclogo_small_bw.pdf Graphic file (type pdf)
<use puclogo_small_bw.pdf>
Package pdftex.def Info: puclogo_small_bw.pdf  used on input line 622.
(pdftex.def)             Requested size: 29.89264pt x 28.45274pt.

Overfull \hbox (1.4399pt too wide) in paragraph at lines 622--622
[][]  
 []


Overfull \vbox (0.8034pt too high) has occurred while \output is active []


[28

]
\openout4 = `clp-aula-3-tipos.vrb'.

 (clp-aula-3-tipos.vrb)
File: puclogo_small_bw.pdf Graphic file (type pdf)
<use puclogo_small_bw.pdf>
Package pdftex.def Info: puclogo_small_bw.pdf  used on input line 637.
(pdftex.def)             Requested size: 29.89264pt x 28.45274pt.

Overfull \hbox (1.4399pt too wide) in paragraph at lines 637--637
[][]  
 []


Overfull \vbox (0.8034pt too high) has occurred while \output is active []


[29

]
\openout4 = `clp-aula-3-tipos.vrb'.

 (clp-aula-3-tipos.vrb)
File: puclogo_small_bw.pdf Graphic file (type pdf)
<use puclogo_small_bw.pdf>
Package pdftex.def Info: puclogo_small_bw.pdf  used on input line 656.
(pdftex.def)             Requested size: 29.89264pt x 28.45274pt.

Overfull \hbox (1.4399pt too wide) in paragraph at lines 656--656
[][]  
 []


Overfull \vbox (0.8034pt too high) has occurred while \output is active []


[30

]
\openout4 = `clp-aula-3-tipos.vrb'.

 (clp-aula-3-tipos.vrb)
File: puclogo_small_bw.pdf Graphic file (type pdf)
<use puclogo_small_bw.pdf>
Package pdftex.def Info: puclogo_small_bw.pdf  used on input line 675.
(pdftex.def)             Requested size: 29.89264pt x 28.45274pt.

Overfull \hbox (1.4399pt too wide) in paragraph at lines 675--675
[][]  
 []


Overfull \vbox (0.8034pt too high) has occurred while \output is active []


[31

]
\openout4 = `clp-aula-3-tipos.vrb'.

 (clp-aula-3-tipos.vrb
(D:\PortableApps\MikTex\texmfs\install\tex/latex/listings\lstlang1.sty
File: lstlang1.sty 2020/03/24 1.8d listings language file
))
File: puclogo_small_bw.pdf Graphic file (type pdf)
<use puclogo_small_bw.pdf>
Package pdftex.def Info: puclogo_small_bw.pdf  used on input line 695.
(pdftex.def)             Requested size: 29.89264pt x 28.45274pt.

Overfull \hbox (1.4399pt too wide) in paragraph at lines 695--695
[][]  
 []


Overfull \vbox (0.8034pt too high) has occurred while \output is active []


[32

]
\openout4 = `clp-aula-3-tipos.vrb'.

 (clp-aula-3-tipos.vrb
(D:\PortableApps\MikTex\texmfs\install\tex/latex/listings\lstlang1.sty
File: lstlang1.sty 2020/03/24 1.8d listings language file
)
(D:\PortableApps\MikTex\texmfs\install\tex/latex/listings\lstlang1.sty
File: lstlang1.sty 2020/03/24 1.8d listings language file
))
File: puclogo_small_bw.pdf Graphic file (type pdf)
<use puclogo_small_bw.pdf>
Package pdftex.def Info: puclogo_small_bw.pdf  used on input line 723.
(pdftex.def)             Requested size: 29.89264pt x 28.45274pt.

Overfull \hbox (1.4399pt too wide) in paragraph at lines 723--723
[][]  
 []


Overfull \vbox (0.8034pt too high) has occurred while \output is active []


[33

]
\openout4 = `clp-aula-3-tipos.vrb'.

 (clp-aula-3-tipos.vrb
(D:\PortableApps\MikTex\texmfs\install\tex/latex/listings\lstlang1.sty
File: lstlang1.sty 2020/03/24 1.8d listings language file
))
LaTeX Font Info:    Font shape `T1/phv/m/it' in size <14.4> not available
(Font)              Font shape `T1/phv/m/sl' tried instead on input line 745.
File: puclogo_small_bw.pdf Graphic file (type pdf)
<use puclogo_small_bw.pdf>
Package pdftex.def Info: puclogo_small_bw.pdf  used on input line 745.
(pdftex.def)             Requested size: 29.89264pt x 28.45274pt.

Overfull \hbox (1.4399pt too wide) in paragraph at lines 745--745
[][]  
 []


Overfull \vbox (0.8034pt too high) has occurred while \output is active []


[34

]
\openout4 = `clp-aula-3-tipos.vrb'.

 (clp-aula-3-tipos.vrb

pdfTeX warning: pdflatex.exe (file ./figuras/arranjo1d.pdf): PDF inclusion: fou
nd PDF version <1.6>, but at most version <1.5> allowed
<figuras/arranjo1d.pdf, id=765, 132.05334pt x 199.72617pt>
File: figuras/arranjo1d.pdf Graphic file (type pdf)
<use figuras/arranjo1d.pdf>
Package pdftex.def Info: figuras/arranjo1d.pdf  used on input line 5.
(pdftex.def)             Requested size: 85.35826pt x 129.10733pt.


pdfTeX warning: pdflatex.exe (file ./figuras/arranjond.pdf): PDF inclusion: fou
nd PDF version <1.6>, but at most version <1.5> allowed
<figuras/arranjond.pdf, id=766, 218.12491pt x 220.75473pt>
File: figuras/arranjond.pdf Graphic file (type pdf)
<use figuras/arranjond.pdf>
Package pdftex.def Info: figuras/arranjond.pdf  used on input line 6.
(pdftex.def)             Requested size: 128.0374pt x 129.58731pt.

Overfull \hbox (1.23769pt too wide) in paragraph at lines 4--10
 [] 
 []

)
File: puclogo_small_bw.pdf Graphic file (type pdf)
<use puclogo_small_bw.pdf>
Package pdftex.def Info: puclogo_small_bw.pdf  used on input line 760.
(pdftex.def)             Requested size: 29.89264pt x 28.45274pt.

Overfull \hbox (1.4399pt too wide) in paragraph at lines 760--760
[][]  
 []


Overfull \vbox (0.8034pt too high) has occurred while \output is active []


[35

 <./figuras/arranjo1d.pdf> <./figuras/arranjond.pdf>]
\openout4 = `clp-aula-3-tipos.vrb'.

 (clp-aula-3-tipos.vrb)
File: puclogo_small_bw.pdf Graphic file (type pdf)
<use puclogo_small_bw.pdf>
Package pdftex.def Info: puclogo_small_bw.pdf  used on input line 783.
(pdftex.def)             Requested size: 29.89264pt x 28.45274pt.

Overfull \hbox (1.4399pt too wide) in paragraph at lines 783--783
[][]  
 []


Overfull \vbox (0.8034pt too high) has occurred while \output is active []


[36

]
File: puclogo_small_bw.pdf Graphic file (type pdf)
<use puclogo_small_bw.pdf>
Package pdftex.def Info: puclogo_small_bw.pdf  used on input line 802.
(pdftex.def)             Requested size: 29.89264pt x 28.45274pt.

Overfull \hbox (1.4399pt too wide) in paragraph at lines 802--802
[][]  
 []


Overfull \vbox (0.8034pt too high) has occurred while \output is active []


[37

]
\openout4 = `clp-aula-3-tipos.vrb'.

 (clp-aula-3-tipos.vrb)
File: puclogo_small_bw.pdf Graphic file (type pdf)
<use puclogo_small_bw.pdf>
Package pdftex.def Info: puclogo_small_bw.pdf  used on input line 827.
(pdftex.def)             Requested size: 29.89264pt x 28.45274pt.

Overfull \hbox (1.4399pt too wide) in paragraph at lines 827--827
[][]  
 []


Overfull \vbox (0.8034pt too high) has occurred while \output is active []


[38

]
\openout4 = `clp-aula-3-tipos.vrb'.

 (clp-aula-3-tipos.vrb)
File: puclogo_small_bw.pdf Graphic file (type pdf)
<use puclogo_small_bw.pdf>
Package pdftex.def Info: puclogo_small_bw.pdf  used on input line 858.
(pdftex.def)             Requested size: 29.89264pt x 28.45274pt.

Overfull \hbox (1.4399pt too wide) in paragraph at lines 858--858
[][]  
 []


Overfull \vbox (0.8034pt too high) has occurred while \output is active []


[39

]
File: puclogo_small_bw.pdf Graphic file (type pdf)
<use puclogo_small_bw.pdf>
Package pdftex.def Info: puclogo_small_bw.pdf  used on input line 873.
(pdftex.def)             Requested size: 29.89264pt x 28.45274pt.

Overfull \hbox (1.4399pt too wide) in paragraph at lines 873--873
[][]  
 []


Overfull \vbox (0.8034pt too high) has occurred while \output is active []


[40

]
\openout4 = `clp-aula-3-tipos.vrb'.

 (clp-aula-3-tipos.vrb)
File: puclogo_small_bw.pdf Graphic file (type pdf)
<use puclogo_small_bw.pdf>
Package pdftex.def Info: puclogo_small_bw.pdf  used on input line 899.
(pdftex.def)             Requested size: 29.89264pt x 28.45274pt.

Overfull \hbox (1.4399pt too wide) in paragraph at lines 899--899
[][]  
 []


Overfull \vbox (0.8034pt too high) has occurred while \output is active []


[41

]
File: puclogo_small_bw.pdf Graphic file (type pdf)
<use puclogo_small_bw.pdf>
Package pdftex.def Info: puclogo_small_bw.pdf  used on input line 915.
(pdftex.def)             Requested size: 29.89264pt x 28.45274pt.

Overfull \hbox (1.4399pt too wide) in paragraph at lines 915--915
[][]  
 []

[42

]
File: puclogo_small_bw.pdf Graphic file (type pdf)
<use puclogo_small_bw.pdf>
Package pdftex.def Info: puclogo_small_bw.pdf  used on input line 931.
(pdftex.def)             Requested size: 29.89264pt x 28.45274pt.

Overfull \hbox (1.4399pt too wide) in paragraph at lines 931--931
[][]  
 []

[43

]
File: puclogo_small_bw.pdf Graphic file (type pdf)
<use puclogo_small_bw.pdf>
Package pdftex.def Info: puclogo_small_bw.pdf  used on input line 960.
(pdftex.def)             Requested size: 29.89264pt x 28.45274pt.

Overfull \hbox (1.4399pt too wide) in paragraph at lines 960--960
[][]  
 []

[44

]
\openout4 = `clp-aula-3-tipos.vrb'.

 (clp-aula-3-tipos.vrb)
File: puclogo_small_bw.pdf Graphic file (type pdf)
<use puclogo_small_bw.pdf>
Package pdftex.def Info: puclogo_small_bw.pdf  used on input line 989.
(pdftex.def)             Requested size: 29.89264pt x 28.45274pt.

Overfull \hbox (1.4399pt too wide) in paragraph at lines 989--989
[][]  
 []

[45

]
File: puclogo_small_bw.pdf Graphic file (type pdf)
<use puclogo_small_bw.pdf>
Package pdftex.def Info: puclogo_small_bw.pdf  used on input line 1010.
(pdftex.def)             Requested size: 29.89264pt x 28.45274pt.

Overfull \hbox (1.4399pt too wide) in paragraph at lines 1010--1010
[][]  
 []

[46

]
\openout4 = `clp-aula-3-tipos.vrb'.

 (clp-aula-3-tipos.vrb)
File: puclogo_small_bw.pdf Graphic file (type pdf)
<use puclogo_small_bw.pdf>
Package pdftex.def Info: puclogo_small_bw.pdf  used on input line 1026.
(pdftex.def)             Requested size: 29.89264pt x 28.45274pt.

Overfull \hbox (1.4399pt too wide) in paragraph at lines 1026--1026
[][]  
 []

[47

]
\openout4 = `clp-aula-3-tipos.vrb'.

 (clp-aula-3-tipos.vrb)
File: puclogo_small_bw.pdf Graphic file (type pdf)
<use puclogo_small_bw.pdf>
Package pdftex.def Info: puclogo_small_bw.pdf  used on input line 1053.
(pdftex.def)             Requested size: 29.89264pt x 28.45274pt.

Overfull \hbox (1.4399pt too wide) in paragraph at lines 1053--1053
[][]  
 []

[48

]
File: puclogo_small_bw.pdf Graphic file (type pdf)
<use puclogo_small_bw.pdf>
Package pdftex.def Info: puclogo_small_bw.pdf  used on input line 1072.
(pdftex.def)             Requested size: 29.89264pt x 28.45274pt.

Overfull \hbox (1.4399pt too wide) in paragraph at lines 1072--1072
[][]  
 []

[49

]
\openout4 = `clp-aula-3-tipos.vrb'.

 (clp-aula-3-tipos.vrb)
File: puclogo_small_bw.pdf Graphic file (type pdf)
<use puclogo_small_bw.pdf>
Package pdftex.def Info: puclogo_small_bw.pdf  used on input line 1099.
(pdftex.def)             Requested size: 29.89264pt x 28.45274pt.

Overfull \hbox (1.4399pt too wide) in paragraph at lines 1099--1099
[][]  
 []

[50

]
\tf@nav=\write6
\openout6 = `clp-aula-3-tipos.nav'.

\tf@toc=\write7
\openout7 = `clp-aula-3-tipos.toc'.

\tf@snm=\write8
\openout8 = `clp-aula-3-tipos.snm'.

 (clp-aula-3-tipos.aux)
Package rerunfilecheck Info: File `clp-aula-3-tipos.out' has not changed.
(rerunfilecheck)             Checksum: 1D2E325759D910BA00F6BD1F431A4D23;1362.
 ) 
Here is how much of TeX's memory you used:
 28187 strings out of 479762
 527382 string characters out of 2869908
 1032333 words of memory out of 3000000
 44811 multiletter control sequences out of 15000+200000
 486820 words of font info for 116 fonts, out of 3000000 for 9000
 822 hyphenation exceptions out of 8191
 131i,19n,132p,423b,1653s stack positions out of 5000i,500n,10000p,200000b,50000s
{D:/PortableApps/MikTex/texmfs/install/fonts/enc/dvips/base/8r.enc}<D:/Portab
leApps/MikTex/texmfs/install/fonts/type1/public/amsfonts/cm/cmex10.pfb><D:/Port
ableApps/MikTex/texmfs/install/fonts/type1/public/amsfonts/cm/cmmi10.pfb><D:/Po
rtableApps/MikTex/texmfs/install/fonts/type1/public/amsfonts/cm/cmmi6.pfb><D:/P
ortableApps/MikTex/texmfs/install/fonts/type1/public/amsfonts/cm/cmmi7.pfb><D:/
PortableApps/MikTex/texmfs/install/fonts/type1/public/amsfonts/cm/cmmi8.pfb><D:
/PortableApps/MikTex/texmfs/install/fonts/type1/public/amsfonts/cm/cmmi9.pfb><D
:/PortableApps/MikTex/texmfs/install/fonts/type1/public/amsfonts/cm/cmss10.pfb>
<D:/PortableApps/MikTex/texmfs/install/fonts/type1/public/amsfonts/cm/cmss8.pfb
><D:/PortableApps/MikTex/texmfs/install/fonts/type1/public/amsfonts/cm/cmss9.pf
b><D:/PortableApps/MikTex/texmfs/install/fonts/type1/public/amsfonts/cm/cmsy10.
pfb><D:/PortableApps/MikTex/texmfs/install/fonts/type1/public/amsfonts/cm/cmsy6
.pfb><D:/PortableApps/MikTex/texmfs/install/fonts/type1/public/amsfonts/cm/cmsy
8.pfb><D:/PortableApps/MikTex/texmfs/install/fonts/type1/public/amsfonts/cm/cms
y9.pfb><D:/PortableApps/MikTex/texmfs/install/fonts/type1/public/amsfonts/symbo
ls/msbm10.pfb><D:/PortableApps/MikTex/texmfs/install/fonts/type1/urw/courier/uc
rr8a.pfb><D:/PortableApps/MikTex/texmfs/install/fonts/type1/urw/helvetic/uhvb8a
.pfb><D:/PortableApps/MikTex/texmfs/install/fonts/type1/urw/helvetic/uhvbo8a.pf
b><D:/PortableApps/MikTex/texmfs/install/fonts/type1/urw/helvetic/uhvr8a.pfb><D
:/PortableApps/MikTex/texmfs/install/fonts/type1/urw/helvetic/uhvro8a.pfb><D:/P
ortableApps/MikTex/texmfs/install/fonts/type1/urw/times/utmr8a.pfb>
Output written on clp-aula-3-tipos.pdf (50 pages, 588503 bytes).
PDF statistics:
 1127 PDF objects out of 1200 (max. 8388607)
 116 named destinations out of 1000 (max. 500000)
 1147 words of extra memory for PDF output out of 10000 (max. 10000000)

