This is pdfTeX, Version 3.14159265-2.6-1.40.18 (MiKTeX 2.9.6500 64-bit) (preloaded format=pdflatex 2018.1.24)  5 APR 2018 08:22
entering extended mode
**./clp-aula-5-comandos.tex
(clp-aula-5-comandos.tex
LaTeX2e <2017-04-15>
Babel <3.15> and hyphenation patterns for 10 language(s) loaded.
("C:\Users\Hugo\AppData\Local\Programs\MiKTeX 2.9\tex\latex\beamer\beamer.cls"
Document Class: beamer 2017/12/24 v3.48 A class for typesetting presentations

("C:\Users\Hugo\AppData\Local\Programs\MiKTeX 2.9\tex\latex\beamer\beamerbasemo
des.sty"
("C:\Users\Hugo\AppData\Local\Programs\MiKTeX 2.9\tex\latex\etoolbox\etoolbox.s
ty"
Package: etoolbox 2017/11/22 v2.5 e-TeX tools for LaTeX (JAW)
\etb@tempcnta=\count79
)
\beamer@tempbox=\box26
\beamer@tempcount=\count80
\c@beamerpauses=\count81

("C:\Users\Hugo\AppData\Local\Programs\MiKTeX 2.9\tex\latex\beamer\beamerbasede
code.sty"
\beamer@slideinframe=\count82
\beamer@minimum=\count83
)
\beamer@commentbox=\box27
\beamer@modecount=\count84
) ("C:\Program Files\MiKTeX 2.9\tex\generic\oberdiek\ifpdf.sty"
Package: ifpdf 2017/03/15 v3.2 Provides the ifpdf switch
)
\headdp=\dimen102
\footheight=\dimen103
\sidebarheight=\dimen104
\beamer@tempdim=\dimen105
\beamer@finalheight=\dimen106
\beamer@animht=\dimen107
\beamer@animdp=\dimen108
\beamer@animwd=\dimen109
\beamer@leftmargin=\dimen110
\beamer@rightmargin=\dimen111
\beamer@leftsidebar=\dimen112
\beamer@rightsidebar=\dimen113
\beamer@boxsize=\dimen114
\beamer@vboxoffset=\dimen115
\beamer@descdefault=\dimen116
\beamer@descriptionwidth=\dimen117
\beamer@lastskip=\skip41
\beamer@areabox=\box28
\beamer@animcurrent=\box29
\beamer@animshowbox=\box30
\beamer@sectionbox=\box31
\beamer@logobox=\box32
\beamer@linebox=\box33
\beamer@sectioncount=\count85
\beamer@subsubsectionmax=\count86
\beamer@subsectionmax=\count87
\beamer@sectionmax=\count88
\beamer@totalheads=\count89
\beamer@headcounter=\count90
\beamer@partstartpage=\count91
\beamer@sectionstartpage=\count92
\beamer@subsectionstartpage=\count93
\beamer@animationtempa=\count94
\beamer@animationtempb=\count95
\beamer@xpos=\count96
\beamer@ypos=\count97
\beamer@ypos@offset=\count98
\beamer@showpartnumber=\count99
\beamer@currentsubsection=\count100
\beamer@coveringdepth=\count101
\beamer@sectionadjust=\count102
\beamer@tocsectionnumber=\count103

("C:\Users\Hugo\AppData\Local\Programs\MiKTeX 2.9\tex\latex\beamer\beamerbaseop
tions.sty" ("C:\Program Files\MiKTeX 2.9\tex\latex\graphics\keyval.sty"
Package: keyval 2014/10/28 v1.15 key=value parser (DPC)
\KV@toks@=\toks14
))
\beamer@paperwidth=\skip42
\beamer@paperheight=\skip43

("C:\Program Files\MiKTeX 2.9\tex\latex\geometry\geometry.sty"
Package: geometry 2010/09/12 v5.6 Page Geometry

("C:\Program Files\MiKTeX 2.9\tex\generic\oberdiek\ifvtex.sty"
Package: ifvtex 2016/05/16 v1.6 Detect VTeX and its facilities (HO)
Package ifvtex Info: VTeX not detected.
)
("C:\Program Files\MiKTeX 2.9\tex\generic\ifxetex\ifxetex.sty"
Package: ifxetex 2010/09/12 v0.6 Provides ifxetex conditional
)
\Gm@cnth=\count104
\Gm@cntv=\count105
\c@Gm@tempcnt=\count106
\Gm@bindingoffset=\dimen118
\Gm@wd@mp=\dimen119
\Gm@odd@mp=\dimen120
\Gm@even@mp=\dimen121
\Gm@layoutwidth=\dimen122
\Gm@layoutheight=\dimen123
\Gm@layouthoffset=\dimen124
\Gm@layoutvoffset=\dimen125
\Gm@dimlist=\toks15

("C:\Program Files\MiKTeX 2.9\tex\latex\geometry\geometry.cfg"))
("C:\Program Files\MiKTeX 2.9\tex\latex\base\size11.clo"
File: size11.clo 2014/09/29 v1.4h Standard LaTeX file (size option)
)
("C:\Users\Hugo\AppData\Local\Programs\MiKTeX 2.9\tex\latex\pgf\basiclayer\pgfc
ore.sty" ("C:\Program Files\MiKTeX 2.9\tex\latex\graphics\graphicx.sty"
Package: graphicx 2017/06/01 v1.1a Enhanced LaTeX Graphics (DPC,SPQR)

("C:\Program Files\MiKTeX 2.9\tex\latex\graphics\graphics.sty"
Package: graphics 2017/06/25 v1.2c Standard LaTeX Graphics (DPC,SPQR)

("C:\Program Files\MiKTeX 2.9\tex\latex\graphics\trig.sty"
Package: trig 2016/01/03 v1.10 sin cos tan (DPC)
)
("C:\Program Files\MiKTeX 2.9\tex\latex\graphics-cfg\graphics.cfg"
File: graphics.cfg 2016/06/04 v1.11 sample graphics configuration
)
Package graphics Info: Driver file: pdftex.def on input line 99.

("C:\Program Files\MiKTeX 2.9\tex\latex\graphics-def\pdftex.def"
File: pdftex.def 2017/06/24 v1.0g Graphics/color driver for pdftex
))
\Gin@req@height=\dimen126
\Gin@req@width=\dimen127
)
("C:\Users\Hugo\AppData\Local\Programs\MiKTeX 2.9\tex\latex\pgf\systemlayer\pgf
sys.sty"
("C:\Users\Hugo\AppData\Local\Programs\MiKTeX 2.9\tex\latex\pgf\utilities\pgfrc
s.sty"
("C:\Users\Hugo\AppData\Local\Programs\MiKTeX 2.9\tex\generic\pgf\utilities\pgf
util-common.tex"
\pgfutil@everybye=\toks16
\pgfutil@tempdima=\dimen128
\pgfutil@tempdimb=\dimen129

("C:\Users\Hugo\AppData\Local\Programs\MiKTeX 2.9\tex\generic\pgf\utilities\pgf
util-common-lists.tex"))
("C:\Users\Hugo\AppData\Local\Programs\MiKTeX 2.9\tex\generic\pgf\utilities\pgf
util-latex.def"
\pgfutil@abb=\box34

("C:\Users\Hugo\AppData\Local\Programs\MiKTeX 2.9\tex\latex\ms\everyshi.sty"
Package: everyshi 2001/05/15 v3.00 EveryShipout Package (MS)
))
("C:\Users\Hugo\AppData\Local\Programs\MiKTeX 2.9\tex\generic\pgf\utilities\pgf
rcs.code.tex"
Package: pgfrcs 2015/08/07 v3.0.1a (rcs-revision 1.31)
))
("C:\Users\Hugo\AppData\Local\Programs\MiKTeX 2.9\tex\generic\pgf\systemlayer\p
gfsys.code.tex"
Package: pgfsys 2014/07/09 v3.0.1a (rcs-revision 1.48)

("C:\Users\Hugo\AppData\Local\Programs\MiKTeX 2.9\tex\generic\pgf\utilities\pgf
keys.code.tex"
\pgfkeys@pathtoks=\toks17
\pgfkeys@temptoks=\toks18

("C:\Users\Hugo\AppData\Local\Programs\MiKTeX 2.9\tex\generic\pgf\utilities\pgf
keysfiltered.code.tex"
\pgfkeys@tmptoks=\toks19
))
\pgf@x=\dimen130
\pgf@y=\dimen131
\pgf@xa=\dimen132
\pgf@ya=\dimen133
\pgf@xb=\dimen134
\pgf@yb=\dimen135
\pgf@xc=\dimen136
\pgf@yc=\dimen137
\w@pgf@writea=\write3
\r@pgf@reada=\read1
\c@pgf@counta=\count107
\c@pgf@countb=\count108
\c@pgf@countc=\count109
\c@pgf@countd=\count110
\t@pgf@toka=\toks20
\t@pgf@tokb=\toks21
\t@pgf@tokc=\toks22

("C:\Users\Hugo\AppData\Local\Programs\MiKTeX 2.9\tex\generic\pgf\systemlayer\p
gf.cfg"
File: pgf.cfg 2008/05/14  (rcs-revision 1.7)
)
Driver file for pgf: pgfsys-pdftex.def

("C:\Users\Hugo\AppData\Local\Programs\MiKTeX 2.9\tex\generic\pgf\systemlayer\p
gfsys-pdftex.def"
File: pgfsys-pdftex.def 2014/10/11  (rcs-revision 1.35)

("C:\Users\Hugo\AppData\Local\Programs\MiKTeX 2.9\tex\generic\pgf\systemlayer\p
gfsys-common-pdf.def"
File: pgfsys-common-pdf.def 2013/10/10  (rcs-revision 1.13)
)))
("C:\Users\Hugo\AppData\Local\Programs\MiKTeX 2.9\tex\generic\pgf\systemlayer\p
gfsyssoftpath.code.tex"
File: pgfsyssoftpath.code.tex 2013/09/09  (rcs-revision 1.9)
\pgfsyssoftpath@smallbuffer@items=\count111
\pgfsyssoftpath@bigbuffer@items=\count112
)
("C:\Users\Hugo\AppData\Local\Programs\MiKTeX 2.9\tex\generic\pgf\systemlayer\p
gfsysprotocol.code.tex"
File: pgfsysprotocol.code.tex 2006/10/16  (rcs-revision 1.4)
))
("C:\Users\Hugo\AppData\Local\Programs\MiKTeX 2.9\tex\latex\xcolor\xcolor.sty"
Package: xcolor 2016/05/11 v2.12 LaTeX color extensions (UK)

("C:\Program Files\MiKTeX 2.9\tex\latex\graphics-cfg\color.cfg"
File: color.cfg 2016/01/02 v1.6 sample color configuration
)
Package xcolor Info: Driver file: pdftex.def on input line 225.
Package xcolor Info: Model `cmy' substituted by `cmy0' on input line 1348.
Package xcolor Info: Model `hsb' substituted by `rgb' on input line 1352.
Package xcolor Info: Model `RGB' extended on input line 1364.
Package xcolor Info: Model `HTML' substituted by `rgb' on input line 1366.
Package xcolor Info: Model `Hsb' substituted by `hsb' on input line 1367.
Package xcolor Info: Model `tHsb' substituted by `hsb' on input line 1368.
Package xcolor Info: Model `HSB' substituted by `hsb' on input line 1369.
Package xcolor Info: Model `Gray' substituted by `gray' on input line 1370.
Package xcolor Info: Model `wave' substituted by `hsb' on input line 1371.
)
("C:\Users\Hugo\AppData\Local\Programs\MiKTeX 2.9\tex\generic\pgf\basiclayer\pg
fcore.code.tex"
Package: pgfcore 2010/04/11 v3.0.1a (rcs-revision 1.7)

("C:\Users\Hugo\AppData\Local\Programs\MiKTeX 2.9\tex\generic\pgf\math\pgfmath.
code.tex"
("C:\Users\Hugo\AppData\Local\Programs\MiKTeX 2.9\tex\generic\pgf\math\pgfmathc
alc.code.tex"
("C:\Users\Hugo\AppData\Local\Programs\MiKTeX 2.9\tex\generic\pgf\math\pgfmathu
til.code.tex")
("C:\Users\Hugo\AppData\Local\Programs\MiKTeX 2.9\tex\generic\pgf\math\pgfmathp
arser.code.tex"
\pgfmath@dimen=\dimen138
\pgfmath@count=\count113
\pgfmath@box=\box35
\pgfmath@toks=\toks23
\pgfmath@stack@operand=\toks24
\pgfmath@stack@operation=\toks25
)
("C:\Users\Hugo\AppData\Local\Programs\MiKTeX 2.9\tex\generic\pgf\math\pgfmathf
unctions.code.tex"
("C:\Users\Hugo\AppData\Local\Programs\MiKTeX 2.9\tex\generic\pgf\math\pgfmathf
unctions.basic.code.tex")
("C:\Users\Hugo\AppData\Local\Programs\MiKTeX 2.9\tex\generic\pgf\math\pgfmathf
unctions.trigonometric.code.tex")
("C:\Users\Hugo\AppData\Local\Programs\MiKTeX 2.9\tex\generic\pgf\math\pgfmathf
unctions.random.code.tex")
("C:\Users\Hugo\AppData\Local\Programs\MiKTeX 2.9\tex\generic\pgf\math\pgfmathf
unctions.comparison.code.tex")
("C:\Users\Hugo\AppData\Local\Programs\MiKTeX 2.9\tex\generic\pgf\math\pgfmathf
unctions.base.code.tex")
("C:\Users\Hugo\AppData\Local\Programs\MiKTeX 2.9\tex\generic\pgf\math\pgfmathf
unctions.round.code.tex")
("C:\Users\Hugo\AppData\Local\Programs\MiKTeX 2.9\tex\generic\pgf\math\pgfmathf
unctions.misc.code.tex")
("C:\Users\Hugo\AppData\Local\Programs\MiKTeX 2.9\tex\generic\pgf\math\pgfmathf
unctions.integerarithmetics.code.tex")))
("C:\Users\Hugo\AppData\Local\Programs\MiKTeX 2.9\tex\generic\pgf\math\pgfmathf
loat.code.tex"
\c@pgfmathroundto@lastzeros=\count114
))
("C:\Users\Hugo\AppData\Local\Programs\MiKTeX 2.9\tex\generic\pgf\basiclayer\pg
fcorepoints.code.tex"
File: pgfcorepoints.code.tex 2013/10/07  (rcs-revision 1.27)
\pgf@picminx=\dimen139
\pgf@picmaxx=\dimen140
\pgf@picminy=\dimen141
\pgf@picmaxy=\dimen142
\pgf@pathminx=\dimen143
\pgf@pathmaxx=\dimen144
\pgf@pathminy=\dimen145
\pgf@pathmaxy=\dimen146
\pgf@xx=\dimen147
\pgf@xy=\dimen148
\pgf@yx=\dimen149
\pgf@yy=\dimen150
\pgf@zx=\dimen151
\pgf@zy=\dimen152
)
("C:\Users\Hugo\AppData\Local\Programs\MiKTeX 2.9\tex\generic\pgf\basiclayer\pg
fcorepathconstruct.code.tex"
File: pgfcorepathconstruct.code.tex 2013/10/07  (rcs-revision 1.29)
\pgf@path@lastx=\dimen153
\pgf@path@lasty=\dimen154
)
("C:\Users\Hugo\AppData\Local\Programs\MiKTeX 2.9\tex\generic\pgf\basiclayer\pg
fcorepathusage.code.tex"
File: pgfcorepathusage.code.tex 2014/11/02  (rcs-revision 1.24)
\pgf@shorten@end@additional=\dimen155
\pgf@shorten@start@additional=\dimen156
)
("C:\Users\Hugo\AppData\Local\Programs\MiKTeX 2.9\tex\generic\pgf\basiclayer\pg
fcorescopes.code.tex"
File: pgfcorescopes.code.tex 2015/05/08  (rcs-revision 1.46)
\pgfpic=\box36
\pgf@hbox=\box37
\pgf@layerbox@main=\box38
\pgf@picture@serial@count=\count115
)
("C:\Users\Hugo\AppData\Local\Programs\MiKTeX 2.9\tex\generic\pgf\basiclayer\pg
fcoregraphicstate.code.tex"
File: pgfcoregraphicstate.code.tex 2014/11/02  (rcs-revision 1.12)
\pgflinewidth=\dimen157
)
("C:\Users\Hugo\AppData\Local\Programs\MiKTeX 2.9\tex\generic\pgf\basiclayer\pg
fcoretransformations.code.tex"
File: pgfcoretransformations.code.tex 2015/08/07  (rcs-revision 1.20)
\pgf@pt@x=\dimen158
\pgf@pt@y=\dimen159
\pgf@pt@temp=\dimen160
)
("C:\Users\Hugo\AppData\Local\Programs\MiKTeX 2.9\tex\generic\pgf\basiclayer\pg
fcorequick.code.tex"
File: pgfcorequick.code.tex 2008/10/09  (rcs-revision 1.3)
)
("C:\Users\Hugo\AppData\Local\Programs\MiKTeX 2.9\tex\generic\pgf\basiclayer\pg
fcoreobjects.code.tex"
File: pgfcoreobjects.code.tex 2006/10/11  (rcs-revision 1.2)
)
("C:\Users\Hugo\AppData\Local\Programs\MiKTeX 2.9\tex\generic\pgf\basiclayer\pg
fcorepathprocessing.code.tex"
File: pgfcorepathprocessing.code.tex 2013/09/09  (rcs-revision 1.9)
)
("C:\Users\Hugo\AppData\Local\Programs\MiKTeX 2.9\tex\generic\pgf\basiclayer\pg
fcorearrows.code.tex"
File: pgfcorearrows.code.tex 2015/05/14  (rcs-revision 1.43)
\pgfarrowsep=\dimen161
)
("C:\Users\Hugo\AppData\Local\Programs\MiKTeX 2.9\tex\generic\pgf\basiclayer\pg
fcoreshade.code.tex"
File: pgfcoreshade.code.tex 2013/07/15  (rcs-revision 1.15)
\pgf@max=\dimen162
\pgf@sys@shading@range@num=\count116
)
("C:\Users\Hugo\AppData\Local\Programs\MiKTeX 2.9\tex\generic\pgf\basiclayer\pg
fcoreimage.code.tex"
File: pgfcoreimage.code.tex 2013/07/15  (rcs-revision 1.18)

("C:\Users\Hugo\AppData\Local\Programs\MiKTeX 2.9\tex\generic\pgf\basiclayer\pg
fcoreexternal.code.tex"
File: pgfcoreexternal.code.tex 2014/07/09  (rcs-revision 1.21)
\pgfexternal@startupbox=\box39
))
("C:\Users\Hugo\AppData\Local\Programs\MiKTeX 2.9\tex\generic\pgf\basiclayer\pg
fcorelayers.code.tex"
File: pgfcorelayers.code.tex 2013/07/18  (rcs-revision 1.7)
)
("C:\Users\Hugo\AppData\Local\Programs\MiKTeX 2.9\tex\generic\pgf\basiclayer\pg
fcoretransparency.code.tex"
File: pgfcoretransparency.code.tex 2013/09/30  (rcs-revision 1.5)
)
("C:\Users\Hugo\AppData\Local\Programs\MiKTeX 2.9\tex\generic\pgf\basiclayer\pg
fcorepatterns.code.tex"
File: pgfcorepatterns.code.tex 2013/11/07  (rcs-revision 1.5)
)))
("C:\Users\Hugo\AppData\Local\Programs\MiKTeX 2.9\tex\latex\pgf\utilities\xxcol
or.sty"
Package: xxcolor 2003/10/24 ver 0.1
\XC@nummixins=\count117
\XC@countmixins=\count118
) ("C:\Program Files\MiKTeX 2.9\tex\generic\oberdiek\atbegshi.sty"
Package: atbegshi 2016/06/09 v1.18 At begin shipout hook (HO)

("C:\Program Files\MiKTeX 2.9\tex\generic\oberdiek\infwarerr.sty"
Package: infwarerr 2016/05/16 v1.4 Providing info/warning/error messages (HO)
)
("C:\Program Files\MiKTeX 2.9\tex\generic\oberdiek\ltxcmds.sty"
Package: ltxcmds 2016/05/16 v1.23 LaTeX kernel commands for general use (HO)
))
("C:\Program Files\MiKTeX 2.9\tex\latex\hyperref\hyperref.sty"
Package: hyperref 2017/03/14 v6.85a Hypertext links for LaTeX

("C:\Program Files\MiKTeX 2.9\tex\generic\oberdiek\hobsub-hyperref.sty"
Package: hobsub-hyperref 2016/05/16 v1.14 Bundle oberdiek, subset hyperref (HO)


("C:\Program Files\MiKTeX 2.9\tex\generic\oberdiek\hobsub-generic.sty"
Package: hobsub-generic 2016/05/16 v1.14 Bundle oberdiek, subset generic (HO)
Package: hobsub 2016/05/16 v1.14 Construct package bundles (HO)
Package hobsub Info: Skipping package `infwarerr' (already loaded).
Package hobsub Info: Skipping package `ltxcmds' (already loaded).
Package: ifluatex 2016/05/16 v1.4 Provides the ifluatex switch (HO)
Package ifluatex Info: LuaTeX not detected.
Package hobsub Info: Skipping package `ifvtex' (already loaded).
Package: intcalc 2016/05/16 v1.2 Expandable calculations with integers (HO)
Package hobsub Info: Skipping package `ifpdf' (already loaded).
Package: etexcmds 2016/05/16 v1.6 Avoid name clashes with e-TeX commands (HO)
Package etexcmds Info: Could not find \expanded.
(etexcmds)             That can mean that you are not using pdfTeX 1.50 or
(etexcmds)             that some package has redefined \expanded.
(etexcmds)             In the latter case, load this package earlier.
Package: kvsetkeys 2016/05/16 v1.17 Key value parser (HO)
Package: kvdefinekeys 2016/05/16 v1.4 Define keys (HO)
Package: pdftexcmds 2017/03/19 v0.25 Utility functions of pdfTeX for LuaTeX (HO
)
Package pdftexcmds Info: LuaTeX not detected.
Package pdftexcmds Info: \pdf@primitive is available.
Package pdftexcmds Info: \pdf@ifprimitive is available.
Package pdftexcmds Info: \pdfdraftmode found.
Package: pdfescape 2016/05/16 v1.14 Implements pdfTeX's escape features (HO)
Package: bigintcalc 2016/05/16 v1.4 Expandable calculations on big integers (HO
)
Package: bitset 2016/05/16 v1.2 Handle bit-vector datatype (HO)
Package: uniquecounter 2016/05/16 v1.3 Provide unlimited unique counter (HO)
)
Package hobsub Info: Skipping package `hobsub' (already loaded).
Package: letltxmacro 2016/05/16 v1.5 Let assignment for LaTeX macros (HO)
Package: hopatch 2016/05/16 v1.3 Wrapper for package hooks (HO)
Package: xcolor-patch 2016/05/16 xcolor patch
Package: atveryend 2016/05/16 v1.9 Hooks at the very end of document (HO)
Package hobsub Info: Skipping package `atbegshi' (already loaded).
Package: refcount 2016/05/16 v3.5 Data extraction from label references (HO)
Package: hycolor 2016/05/16 v1.8 Color options for hyperref/bookmark (HO)
)
("C:\Program Files\MiKTeX 2.9\tex\latex\oberdiek\auxhook.sty"
Package: auxhook 2016/05/16 v1.4 Hooks for auxiliary files (HO)
)
("C:\Program Files\MiKTeX 2.9\tex\latex\oberdiek\kvoptions.sty"
Package: kvoptions 2016/05/16 v3.12 Key value format for package options (HO)
)
\@linkdim=\dimen163
\Hy@linkcounter=\count119
\Hy@pagecounter=\count120

("C:\Program Files\MiKTeX 2.9\tex\latex\hyperref\pd1enc.def"
File: pd1enc.def 2017/03/14 v6.85a Hyperref: PDFDocEncoding definition (HO)
)
\Hy@SavedSpaceFactor=\count121

("C:\Program Files\MiKTeX 2.9\tex\latex\00miktex\hyperref.cfg"
File: hyperref.cfg 2002/06/06 v1.2 hyperref configuration of TeXLive
)
Package hyperref Info: Option `bookmarks' set `true' on input line 4374.
Package hyperref Info: Option `bookmarksopen' set `true' on input line 4374.
Package hyperref Info: Option `implicit' set `false' on input line 4374.
Package hyperref Info: Hyper figures OFF on input line 4498.
Package hyperref Info: Link nesting OFF on input line 4503.
Package hyperref Info: Hyper index ON on input line 4506.
Package hyperref Info: Plain pages OFF on input line 4513.
Package hyperref Info: Backreferencing OFF on input line 4518.
Package hyperref Info: Implicit mode OFF; no redefinition of LaTeX internals.
Package hyperref Info: Bookmarks ON on input line 4751.
\c@Hy@tempcnt=\count122

("C:\Users\Hugo\AppData\Local\Programs\MiKTeX 2.9\tex\latex\url\url.sty"
\Urlmuskip=\muskip10
Package: url 2013/09/16  ver 3.4  Verb mode for urls, etc.
)
LaTeX Info: Redefining \url on input line 5104.
\XeTeXLinkMargin=\dimen164
\Fld@menulength=\count123
\Field@Width=\dimen165
\Fld@charsize=\dimen166
Package hyperref Info: Hyper figures OFF on input line 6358.
Package hyperref Info: Link nesting OFF on input line 6363.
Package hyperref Info: Hyper index ON on input line 6366.
Package hyperref Info: backreferencing OFF on input line 6373.
Package hyperref Info: Link coloring OFF on input line 6378.
Package hyperref Info: Link coloring with OCG OFF on input line 6383.
Package hyperref Info: PDF/A mode OFF on input line 6388.
LaTeX Info: Redefining \ref on input line 6428.
LaTeX Info: Redefining \pageref on input line 6432.
\Hy@abspage=\count124


Package hyperref Message: Stopped early.

)

Package hyperref Message: Driver (autodetected): hpdftex.

("C:\Program Files\MiKTeX 2.9\tex\latex\hyperref\hpdftex.def"
File: hpdftex.def 2017/03/14 v6.85a Hyperref driver for pdfTeX
\Fld@listcount=\count125
\c@bookmark@seq@number=\count126

("C:\Program Files\MiKTeX 2.9\tex\latex\oberdiek\rerunfilecheck.sty"
Package: rerunfilecheck 2016/05/16 v1.8 Rerun checks for auxiliary files (HO)
Package uniquecounter Info: New unique counter `rerunfilecheck' on input line 2
82.
))
("C:\Users\Hugo\AppData\Local\Programs\MiKTeX 2.9\tex\latex\beamer\beamerbasere
quires.sty"
("C:\Users\Hugo\AppData\Local\Programs\MiKTeX 2.9\tex\latex\beamer\beamerbaseco
mpatibility.sty")
("C:\Users\Hugo\AppData\Local\Programs\MiKTeX 2.9\tex\latex\beamer\beamerbasefo
nt.sty" ("C:\Program Files\MiKTeX 2.9\tex\latex\amsfonts\amssymb.sty"
Package: amssymb 2013/01/14 v3.01 AMS font symbols

("C:\Program Files\MiKTeX 2.9\tex\latex\amsfonts\amsfonts.sty"
Package: amsfonts 2013/01/14 v3.01 Basic AMSFonts support
\@emptytoks=\toks26
\symAMSa=\mathgroup4
\symAMSb=\mathgroup5
LaTeX Font Info:    Overwriting math alphabet `\mathfrak' in version `bold'
(Font)                  U/euf/m/n --> U/euf/b/n on input line 106.
))
("C:\Users\Hugo\AppData\Local\Programs\MiKTeX 2.9\tex\latex\sansmathaccent\sans
mathaccent.sty"
Package: sansmathaccent 2013/03/28

("C:\Users\Hugo\AppData\Local\Programs\MiKTeX 2.9\tex\latex\filehook\filehook.s
ty"
Package: filehook 2011/10/12 v0.5d Hooks for input files
)))
("C:\Users\Hugo\AppData\Local\Programs\MiKTeX 2.9\tex\latex\beamer\beamerbasetr
anslator.sty"
("C:\Users\Hugo\AppData\Local\Programs\MiKTeX 2.9\tex\latex\translator\translat
or.sty"
Package: translator 2018/01/04 v1.12 Easy translation of strings in LaTeX
))
("C:\Users\Hugo\AppData\Local\Programs\MiKTeX 2.9\tex\latex\beamer\beamerbasemi
sc.sty")
("C:\Users\Hugo\AppData\Local\Programs\MiKTeX 2.9\tex\latex\beamer\beamerbasetw
oscreens.sty")
("C:\Users\Hugo\AppData\Local\Programs\MiKTeX 2.9\tex\latex\beamer\beamerbaseov
erlay.sty"
\beamer@argscount=\count127
\beamer@lastskipcover=\skip44
\beamer@trivlistdepth=\count128
)
("C:\Users\Hugo\AppData\Local\Programs\MiKTeX 2.9\tex\latex\beamer\beamerbaseti
tle.sty")
("C:\Users\Hugo\AppData\Local\Programs\MiKTeX 2.9\tex\latex\beamer\beamerbasese
ction.sty"
\c@lecture=\count129
\c@part=\count130
\c@section=\count131
\c@subsection=\count132
\c@subsubsection=\count133
)
("C:\Users\Hugo\AppData\Local\Programs\MiKTeX 2.9\tex\latex\beamer\beamerbasefr
ame.sty"
\beamer@framebox=\box40
\beamer@frametitlebox=\box41
\beamer@zoombox=\box42
\beamer@zoomcount=\count134
\beamer@zoomframecount=\count135
\beamer@frametextheight=\dimen167
\c@subsectionslide=\count136
\beamer@frametopskip=\skip45
\beamer@framebottomskip=\skip46
\beamer@frametopskipautobreak=\skip47
\beamer@framebottomskipautobreak=\skip48
\beamer@envbody=\toks27
\framewidth=\dimen168
\c@framenumber=\count137
)
("C:\Users\Hugo\AppData\Local\Programs\MiKTeX 2.9\tex\latex\beamer\beamerbaseve
rbatim.sty"
\beamer@verbatimfileout=\write4
)
("C:\Users\Hugo\AppData\Local\Programs\MiKTeX 2.9\tex\latex\beamer\beamerbasefr
amesize.sty"
\beamer@splitbox=\box43
\beamer@autobreakcount=\count138
\beamer@autobreaklastheight=\dimen169
\beamer@frametitletoks=\toks28
\beamer@framesubtitletoks=\toks29
)
("C:\Users\Hugo\AppData\Local\Programs\MiKTeX 2.9\tex\latex\beamer\beamerbasefr
amecomponents.sty"
\beamer@footins=\box44
)
("C:\Users\Hugo\AppData\Local\Programs\MiKTeX 2.9\tex\latex\beamer\beamerbaseco
lor.sty"
\beamer@bg@ht=\dimen170
\beamer@bg@wd=\dimen171
\beamer@bg@dp=\dimen172
)
("C:\Users\Hugo\AppData\Local\Programs\MiKTeX 2.9\tex\latex\beamer\beamerbaseno
tes.sty"
\beamer@frameboxcopy=\box45
)
("C:\Users\Hugo\AppData\Local\Programs\MiKTeX 2.9\tex\latex\beamer\beamerbaseto
c.sty")
("C:\Users\Hugo\AppData\Local\Programs\MiKTeX 2.9\tex\latex\beamer\beamerbasete
mplates.sty"
\beamer@sbttoks=\toks30

("C:\Users\Hugo\AppData\Local\Programs\MiKTeX 2.9\tex\latex\beamer\beamerbaseau
xtemplates.sty"
("C:\Users\Hugo\AppData\Local\Programs\MiKTeX 2.9\tex\latex\beamer\beamerbasebo
xes.sty"
\bmb@box=\box46
\bmb@colorbox=\box47
\bmb@boxshadow=\box48
\bmb@boxshadowball=\box49
\bmb@boxshadowballlarge=\box50
\bmb@temp=\dimen173
\bmb@dima=\dimen174
\bmb@dimb=\dimen175
\bmb@prevheight=\dimen176
)
\beamer@blockheadheight=\dimen177
))
("C:\Users\Hugo\AppData\Local\Programs\MiKTeX 2.9\tex\latex\beamer\beamerbaselo
calstructure.sty" ("C:\Program Files\MiKTeX 2.9\tex\latex\tools\enumerate.sty"
Package: enumerate 2015/07/23 v3.00 enumerate extensions (DPC)
\@enLab=\toks31
)
\c@figure=\count139
\c@table=\count140
\abovecaptionskip=\skip49
\belowcaptionskip=\skip50
)
("C:\Users\Hugo\AppData\Local\Programs\MiKTeX 2.9\tex\latex\beamer\beamerbasena
vigation.sty"
\beamer@section@min@dim=\dimen178
)
("C:\Users\Hugo\AppData\Local\Programs\MiKTeX 2.9\tex\latex\beamer\beamerbaseth
eorems.sty" ("C:\Program Files\MiKTeX 2.9\tex\latex\amsmath\amsmath.sty"
Package: amsmath 2017/09/02 v2.17a AMS math features
\@mathmargin=\skip51

For additional information on amsmath, use the `?' option.
("C:\Program Files\MiKTeX 2.9\tex\latex\amsmath\amstext.sty"
Package: amstext 2000/06/29 v2.01 AMS text

("C:\Program Files\MiKTeX 2.9\tex\latex\amsmath\amsgen.sty"
File: amsgen.sty 1999/11/30 v2.0 generic functions
\@emptytoks=\toks32
\ex@=\dimen179
))
("C:\Program Files\MiKTeX 2.9\tex\latex\amsmath\amsbsy.sty"
Package: amsbsy 1999/11/29 v1.2d Bold Symbols
\pmbraise@=\dimen180
)
("C:\Program Files\MiKTeX 2.9\tex\latex\amsmath\amsopn.sty"
Package: amsopn 2016/03/08 v2.02 operator names
)
\inf@bad=\count141
LaTeX Info: Redefining \frac on input line 213.
\uproot@=\count142
\leftroot@=\count143
LaTeX Info: Redefining \overline on input line 375.
\classnum@=\count144
\DOTSCASE@=\count145
LaTeX Info: Redefining \ldots on input line 472.
LaTeX Info: Redefining \dots on input line 475.
LaTeX Info: Redefining \cdots on input line 596.
\Mathstrutbox@=\box51
\strutbox@=\box52
\big@size=\dimen181
LaTeX Font Info:    Redeclaring font encoding OML on input line 712.
LaTeX Font Info:    Redeclaring font encoding OMS on input line 713.
\macc@depth=\count146
\c@MaxMatrixCols=\count147
\dotsspace@=\muskip11
\c@parentequation=\count148
\dspbrk@lvl=\count149
\tag@help=\toks33
\row@=\count150
\column@=\count151
\maxfields@=\count152
\andhelp@=\toks34
\eqnshift@=\dimen182
\alignsep@=\dimen183
\tagshift@=\dimen184
\tagwidth@=\dimen185
\totwidth@=\dimen186
\lineht@=\dimen187
\@envbody=\toks35
\multlinegap=\skip52
\multlinetaggap=\skip53
\mathdisplay@stack=\toks36
LaTeX Info: Redefining \[ on input line 2817.
LaTeX Info: Redefining \] on input line 2818.
)
("C:\Program Files\MiKTeX 2.9\tex\latex\amscls\amsthm.sty"
Package: amsthm 2015/03/04 v2.20.2
\thm@style=\toks37
\thm@bodyfont=\toks38
\thm@headfont=\toks39
\thm@notefont=\toks40
\thm@headpunct=\toks41
\thm@preskip=\skip54
\thm@postskip=\skip55
\thm@headsep=\skip56
\dth@everypar=\toks42
)
\c@theorem=\count153
)
("C:\Users\Hugo\AppData\Local\Programs\MiKTeX 2.9\tex\latex\beamer\beamerbaseth
emes.sty"))
("C:\Users\Hugo\AppData\Local\Programs\MiKTeX 2.9\tex\latex\beamer\beamerthemed
efault.sty"
("C:\Users\Hugo\AppData\Local\Programs\MiKTeX 2.9\tex\latex\beamer\beamerfontth
emedefault.sty")
("C:\Users\Hugo\AppData\Local\Programs\MiKTeX 2.9\tex\latex\beamer\beamercolort
hemedefault.sty")
("C:\Users\Hugo\AppData\Local\Programs\MiKTeX 2.9\tex\latex\beamer\beamerinnert
hemedefault.sty"
\beamer@dima=\dimen188
\beamer@dimb=\dimen189
)
("C:\Users\Hugo\AppData\Local\Programs\MiKTeX 2.9\tex\latex\beamer\beameroutert
hemedefault.sty")))
("C:\Users\Hugo\AppData\Local\Programs\MiKTeX 2.9\tex\latex\beamer\beamerthemeW
arsaw.sty"
("C:\Users\Hugo\AppData\Local\Programs\MiKTeX 2.9\tex\latex\beamer\beamerinnert
hemerounded.sty")
("C:\Users\Hugo\AppData\Local\Programs\MiKTeX 2.9\tex\latex\beamer\beameroutert
hemeshadow.sty"
("C:\Users\Hugo\AppData\Local\Programs\MiKTeX 2.9\tex\latex\beamer\beameroutert
hemesplit.sty"))
("C:\Users\Hugo\AppData\Local\Programs\MiKTeX 2.9\tex\latex\beamer\beamercolort
hemeorchid.sty")
("C:\Users\Hugo\AppData\Local\Programs\MiKTeX 2.9\tex\latex\beamer\beamercolort
hemewhale.sty")) ("C:\Program Files\MiKTeX 2.9\tex\generic\babel\babel.sty"
Package: babel 2017/11/03 3.15 The Babel package

("C:\Program Files\MiKTeX 2.9\tex\generic\babel\switch.def"
File: switch.def 2017/11/03 3.15 Babel switching mechanism
)
*************************************
* Local config file bblopts.cfg used
*
("C:\Users\Hugo\AppData\Local\Programs\MiKTeX 2.9\tex\latex\arabi\bblopts.cfg"
File: bblopts.cfg 2005/09/08 v0.1 add Arabic and Farsi to "declared" options of
 babel
)
("C:\Users\Hugo\AppData\Local\Programs\MiKTeX 2.9\tex\latex\babel-portuges\port
uges.ldf"
Language: portuges 2008/03/18 v1.2q Portuguese support from the babel system
 ("C:\Program Files\MiKTeX 2.9\tex\generic\babel\babel.def"
File: babel.def 2017/11/03 3.15 Babel common definitions

("C:\Program Files\MiKTeX 2.9\tex\generic\babel\switch.def"
File: switch.def 2017/11/03 3.15 Babel switching mechanism
)
\babel@savecnt=\count154
\U@D=\dimen190
LaTeX Info: Redefining \textlatin on input line 1741.
)
\l@brazil = a dialect from \language\l@portuges 
Package babel Info: Making " an active character on input line 145.
))
("C:\Program Files\MiKTeX 2.9\tex\latex\base\inputenc.sty"
Package: inputenc 2015/03/17 v1.2c Input encoding file
\inpenc@prehook=\toks43
\inpenc@posthook=\toks44

("C:\Program Files\MiKTeX 2.9\tex\latex\base\latin1.def"
File: latin1.def 2015/03/17 v1.2c Input encoding file
))
("C:\Program Files\MiKTeX 2.9\tex\latex\psnfss\times.sty"
Package: times 2005/04/12 PSNFSS-v9.2a (SPQR) 
)
("C:\Program Files\MiKTeX 2.9\tex\latex\base\fontenc.sty"
Package: fontenc 2017/04/05 v2.0i Standard LaTeX package

("C:\Program Files\MiKTeX 2.9\tex\latex\base\t1enc.def"
File: t1enc.def 2017/04/05 v2.0i Standard LaTeX file
LaTeX Font Info:    Redeclaring font encoding T1 on input line 48.
))
("C:\Program Files\MiKTeX 2.9\tex\latex\graphics\epsfig.sty"
Package: epsfig 2017/06/25 v1.7b (e)psfig emulation (SPQR)
\epsfxsize=\dimen191
\epsfysize=\dimen192
)
("C:\Users\Hugo\AppData\Local\Programs\MiKTeX 2.9\tex\latex\listings\listings.s
ty"
\lst@mode=\count155
\lst@gtempboxa=\box53
\lst@token=\toks45
\lst@length=\count156
\lst@currlwidth=\dimen193
\lst@column=\count157
\lst@pos=\count158
\lst@lostspace=\dimen194
\lst@width=\dimen195
\lst@newlines=\count159
\lst@lineno=\count160
\lst@maxwidth=\dimen196

("C:\Users\Hugo\AppData\Local\Programs\MiKTeX 2.9\tex\latex\listings\lstmisc.st
y"
File: lstmisc.sty 2015/06/04 1.6 (Carsten Heinz)
\c@lstnumber=\count161
\lst@skipnumbers=\count162
\lst@framebox=\box54
)
("C:\Users\Hugo\AppData\Local\Programs\MiKTeX 2.9\tex\latex\listings\listings.c
fg"
File: listings.cfg 2015/06/04 1.6 listings configuration
))
Package: listings 2015/06/04 1.6 (Carsten Heinz)

("C:\Users\Hugo\AppData\Local\Programs\MiKTeX 2.9\tex\latex\pgf\frontendlayer\t
ikz.sty"
("C:\Users\Hugo\AppData\Local\Programs\MiKTeX 2.9\tex\latex\pgf\basiclayer\pgf.
sty"
Package: pgf 2015/08/07 v3.0.1a (rcs-revision 1.15)

("C:\Users\Hugo\AppData\Local\Programs\MiKTeX 2.9\tex\generic\pgf\modules\pgfmo
duleshapes.code.tex"
File: pgfmoduleshapes.code.tex 2014/03/21  (rcs-revision 1.35)
\pgfnodeparttextbox=\box55
)
("C:\Users\Hugo\AppData\Local\Programs\MiKTeX 2.9\tex\generic\pgf\modules\pgfmo
duleplot.code.tex"
File: pgfmoduleplot.code.tex 2015/08/03  (rcs-revision 1.13)
)
("C:\Users\Hugo\AppData\Local\Programs\MiKTeX 2.9\tex\latex\pgf\compatibility\p
gfcomp-version-0-65.sty"
Package: pgfcomp-version-0-65 2007/07/03 v3.0.1a (rcs-revision 1.7)
\pgf@nodesepstart=\dimen197
\pgf@nodesepend=\dimen198
)
("C:\Users\Hugo\AppData\Local\Programs\MiKTeX 2.9\tex\latex\pgf\compatibility\p
gfcomp-version-1-18.sty"
Package: pgfcomp-version-1-18 2007/07/23 v3.0.1a (rcs-revision 1.1)
))
("C:\Users\Hugo\AppData\Local\Programs\MiKTeX 2.9\tex\latex\pgf\utilities\pgffo
r.sty"
("C:\Users\Hugo\AppData\Local\Programs\MiKTeX 2.9\tex\latex\pgf\utilities\pgfke
ys.sty"
("C:\Users\Hugo\AppData\Local\Programs\MiKTeX 2.9\tex\generic\pgf\utilities\pgf
keys.code.tex"))
("C:\Users\Hugo\AppData\Local\Programs\MiKTeX 2.9\tex\latex\pgf\math\pgfmath.st
y"
("C:\Users\Hugo\AppData\Local\Programs\MiKTeX 2.9\tex\generic\pgf\math\pgfmath.
code.tex"))
("C:\Users\Hugo\AppData\Local\Programs\MiKTeX 2.9\tex\generic\pgf\utilities\pgf
for.code.tex"
Package: pgffor 2013/12/13 v3.0.1a (rcs-revision 1.25)

("C:\Users\Hugo\AppData\Local\Programs\MiKTeX 2.9\tex\generic\pgf\math\pgfmath.
code.tex")
\pgffor@iter=\dimen199
\pgffor@skip=\dimen256
\pgffor@stack=\toks46
\pgffor@toks=\toks47
))
("C:\Users\Hugo\AppData\Local\Programs\MiKTeX 2.9\tex\generic\pgf\frontendlayer
\tikz\tikz.code.tex"
Package: tikz 2015/08/07 v3.0.1a (rcs-revision 1.151)

("C:\Users\Hugo\AppData\Local\Programs\MiKTeX 2.9\tex\generic\pgf\libraries\pgf
libraryplothandlers.code.tex"
File: pgflibraryplothandlers.code.tex 2013/08/31 v3.0.1a (rcs-revision 1.20)
\pgf@plot@mark@count=\count163
\pgfplotmarksize=\dimen257
)
\tikz@lastx=\dimen258
\tikz@lasty=\dimen259
\tikz@lastxsaved=\dimen260
\tikz@lastysaved=\dimen261
\tikzleveldistance=\dimen262
\tikzsiblingdistance=\dimen263
\tikz@figbox=\box56
\tikz@figbox@bg=\box57
\tikz@tempbox=\box58
\tikz@tempbox@bg=\box59
\tikztreelevel=\count164
\tikznumberofchildren=\count165
\tikznumberofcurrentchild=\count166
\tikz@fig@count=\count167

("C:\Users\Hugo\AppData\Local\Programs\MiKTeX 2.9\tex\generic\pgf\modules\pgfmo
dulematrix.code.tex"
File: pgfmodulematrix.code.tex 2013/09/17  (rcs-revision 1.8)
\pgfmatrixcurrentrow=\count168
\pgfmatrixcurrentcolumn=\count169
\pgf@matrix@numberofcolumns=\count170
)
\tikz@expandcount=\count171

("C:\Users\Hugo\AppData\Local\Programs\MiKTeX 2.9\tex\generic\pgf\frontendlayer
\tikz\libraries\tikzlibrarytopaths.code.tex"
File: tikzlibrarytopaths.code.tex 2008/06/17 v3.0.1a (rcs-revision 1.2)
)))
("C:\Users\Hugo\AppData\Local\Programs\MiKTeX 2.9\tex\latex\listings\lstlang1.s
ty"
File: lstlang1.sty 2015/06/04 1.6 listings language file
) (clp-aula-5-comandos.aux)
\openout1 = `clp-aula-5-comandos.aux'.

LaTeX Font Info:    Checking defaults for OML/cmm/m/it on input line 42.
LaTeX Font Info:    ... okay on input line 42.
LaTeX Font Info:    Checking defaults for T1/cmr/m/n on input line 42.
LaTeX Font Info:    ... okay on input line 42.
LaTeX Font Info:    Checking defaults for OT1/cmr/m/n on input line 42.
LaTeX Font Info:    ... okay on input line 42.
LaTeX Font Info:    Checking defaults for OMS/cmsy/m/n on input line 42.
LaTeX Font Info:    ... okay on input line 42.
LaTeX Font Info:    Checking defaults for OMX/cmex/m/n on input line 42.
LaTeX Font Info:    ... okay on input line 42.
LaTeX Font Info:    Checking defaults for U/cmr/m/n on input line 42.
LaTeX Font Info:    ... okay on input line 42.
LaTeX Font Info:    Checking defaults for PD1/pdf/m/n on input line 42.
LaTeX Font Info:    ... okay on input line 42.
LaTeX Font Info:    Try loading font information for T1+phv on input line 42.

("C:\Program Files\MiKTeX 2.9\tex\latex\psnfss\t1phv.fd"
File: t1phv.fd 2001/06/04 scalable font definitions for T1/phv.
)
*geometry* driver: auto-detecting
*geometry* detected driver: pdftex
*geometry* verbose mode - [ preamble ] result:
* driver: pdftex
* paper: custom
* layout: <same size as paper>
* layoutoffset:(h,v)=(0.0pt,0.0pt)
* modes: includehead includefoot 
* h-part:(L,W,R)=(28.45274pt, 307.28987pt, 28.45274pt)
* v-part:(T,H,B)=(0.0pt, 273.14662pt, 0.0pt)
* \paperwidth=364.19536pt
* \paperheight=273.14662pt
* \textwidth=307.28987pt
* \textheight=244.6939pt
* \oddsidemargin=-43.81725pt
* \evensidemargin=-43.81725pt
* \topmargin=-72.26999pt
* \headheight=14.22636pt
* \headsep=0.0pt
* \topskip=11.0pt
* \footskip=14.22636pt
* \marginparwidth=4.0pt
* \marginparsep=10.0pt
* \columnsep=10.0pt
* \skip\footins=10.0pt plus 4.0pt minus 2.0pt
* \hoffset=0.0pt
* \voffset=0.0pt
* \mag=1000
* \@twocolumnfalse
* \@twosidefalse
* \@mparswitchfalse
* \@reversemarginfalse
* (1in=72.27pt=25.4mm, 1cm=28.453pt)


("C:\Users\Hugo\AppData\Local\Programs\MiKTeX 2.9\tex\context\base\supp-pdf.mki
i"
[Loading MPS to PDF converter (version 2006.09.02).]
\scratchcounter=\count172
\scratchdimen=\dimen264
\scratchbox=\box60
\nofMPsegments=\count173
\nofMParguments=\count174
\everyMPshowfont=\toks48
\MPscratchCnt=\count175
\MPscratchDim=\dimen265
\MPnumerator=\count176
\makeMPintoPDFobject=\count177
\everyMPtoPDFconversion=\toks49
) ("C:\Program Files\MiKTeX 2.9\tex\latex\oberdiek\epstopdf-base.sty"
Package: epstopdf-base 2016/05/15 v2.6 Base part for package epstopdf

("C:\Program Files\MiKTeX 2.9\tex\latex\oberdiek\grfext.sty"
Package: grfext 2016/05/16 v1.2 Manage graphics extensions (HO)
)
Package epstopdf-base Info: Redefining graphics rule for `.eps' on input line 4
38.
Package grfext Info: Graphics extension search list:
(grfext)             [.pdf,.png,.jpg,.mps,.jpeg,.jbig2,.jb2,.PDF,.PNG,.JPG,.JPE
G,.JBIG2,.JB2,.eps]
(grfext)             \AppendGraphicsExtensions on input line 456.
)
ABD: EveryShipout initializing macros
\AtBeginShipoutBox=\box61
Package hyperref Info: Link coloring OFF on input line 42.

("C:\Program Files\MiKTeX 2.9\tex\latex\hyperref\nameref.sty"
Package: nameref 2016/05/21 v2.44 Cross-referencing by name of section

("C:\Program Files\MiKTeX 2.9\tex\generic\oberdiek\gettitlestring.sty"
Package: gettitlestring 2016/05/16 v1.5 Cleanup title references (HO)
)
\c@section@level=\count178
)
LaTeX Info: Redefining \ref on input line 42.
LaTeX Info: Redefining \pageref on input line 42.
LaTeX Info: Redefining \nameref on input line 42.

(clp-aula-5-comandos.out) (clp-aula-5-comandos.out)
\@outlinefile=\write5
\openout5 = `clp-aula-5-comandos.out'.

LaTeX Font Info:    Overwriting symbol font `operators' in version `normal'
(Font)                  OT1/cmr/m/n --> OT1/cmss/m/n on input line 42.
LaTeX Font Info:    Overwriting symbol font `operators' in version `bold'
(Font)                  OT1/cmr/bx/n --> OT1/cmss/bx/n on input line 42.
\symnumbers=\mathgroup6
\sympureletters=\mathgroup7
LaTeX Font Info:    Overwriting math alphabet `\mathrm' in version `normal'
(Font)                  OT1/cmss/m/n --> T1/ptm/m/n on input line 42.
LaTeX Font Info:    Redeclaring math alphabet \mathbf on input line 42.
LaTeX Font Info:    Overwriting math alphabet `\mathbf' in version `normal'
(Font)                  OT1/cmr/bx/n --> T1/phv/bx/n on input line 42.
LaTeX Font Info:    Overwriting math alphabet `\mathbf' in version `bold'
(Font)                  OT1/cmr/bx/n --> T1/phv/bx/n on input line 42.
LaTeX Font Info:    Redeclaring math alphabet \mathsf on input line 42.
LaTeX Font Info:    Overwriting math alphabet `\mathsf' in version `normal'
(Font)                  OT1/cmss/m/n --> T1/phv/m/n on input line 42.
LaTeX Font Info:    Overwriting math alphabet `\mathsf' in version `bold'
(Font)                  OT1/cmss/bx/n --> T1/phv/m/n on input line 42.
LaTeX Font Info:    Redeclaring math alphabet \mathit on input line 42.
LaTeX Font Info:    Overwriting math alphabet `\mathit' in version `normal'
(Font)                  OT1/cmr/m/it --> T1/phv/m/it on input line 42.
LaTeX Font Info:    Overwriting math alphabet `\mathit' in version `bold'
(Font)                  OT1/cmr/bx/it --> T1/phv/m/it on input line 42.
LaTeX Font Info:    Redeclaring math alphabet \mathtt on input line 42.
LaTeX Font Info:    Overwriting math alphabet `\mathtt' in version `normal'
(Font)                  OT1/cmtt/m/n --> T1/pcr/m/n on input line 42.
LaTeX Font Info:    Overwriting math alphabet `\mathtt' in version `bold'
(Font)                  OT1/cmtt/m/n --> T1/pcr/m/n on input line 42.
LaTeX Font Info:    Overwriting symbol font `numbers' in version `bold'
(Font)                  T1/phv/m/n --> T1/phv/bx/n on input line 42.
LaTeX Font Info:    Overwriting symbol font `pureletters' in version `bold'
(Font)                  T1/phv/m/it --> T1/phv/bx/it on input line 42.
LaTeX Font Info:    Overwriting math alphabet `\mathrm' in version `bold'
(Font)                  OT1/cmss/bx/n --> T1/ptm/bx/n on input line 42.
LaTeX Font Info:    Overwriting math alphabet `\mathbf' in version `bold'
(Font)                  T1/phv/bx/n --> T1/phv/bx/n on input line 42.
LaTeX Font Info:    Overwriting math alphabet `\mathsf' in version `bold'
(Font)                  T1/phv/m/n --> T1/phv/bx/n on input line 42.
LaTeX Font Info:    Overwriting math alphabet `\mathit' in version `bold'
(Font)                  T1/phv/m/it --> T1/phv/bx/it on input line 42.
LaTeX Font Info:    Overwriting math alphabet `\mathtt' in version `bold'
(Font)                  T1/pcr/m/n --> T1/pcr/bx/n on input line 42.

("C:\Users\Hugo\AppData\Local\Programs\MiKTeX 2.9\tex\latex\translator\translat
or-basic-dictionary-English.dict"
Dictionary: translator-basic-dictionary, Language: English 
)
("C:\Users\Hugo\AppData\Local\Programs\MiKTeX 2.9\tex\latex\translator\translat
or-bibliography-dictionary-English.dict"
Dictionary: translator-bibliography-dictionary, Language: English 
)
("C:\Users\Hugo\AppData\Local\Programs\MiKTeX 2.9\tex\latex\translator\translat
or-environment-dictionary-English.dict"
Dictionary: translator-environment-dictionary, Language: English 
)
("C:\Users\Hugo\AppData\Local\Programs\MiKTeX 2.9\tex\latex\translator\translat
or-months-dictionary-English.dict"
Dictionary: translator-months-dictionary, Language: English 
)
("C:\Users\Hugo\AppData\Local\Programs\MiKTeX 2.9\tex\latex\translator\translat
or-numbers-dictionary-English.dict"
Dictionary: translator-numbers-dictionary, Language: English 
)
("C:\Users\Hugo\AppData\Local\Programs\MiKTeX 2.9\tex\latex\translator\translat
or-theorem-dictionary-English.dict"
Dictionary: translator-theorem-dictionary, Language: English 
)
\c@lstlisting=\count179
 (clp-aula-5-comandos.nav)
<puclogo_small_bw.pdf, id=48, pagebox=cropbox, 125.0271pt x 119.0046pt>
File: puclogo_small_bw.pdf Graphic file (type pdf)
<use puclogo_small_bw.pdf>
Package pdftex.def Info: puclogo_small_bw.pdf  used on input line 50. on input 
line 50.
Package pdftex.def Info: Requested size: 42.67912pt x 40.62262pt on input line 
50.
 [1{C:/Users/Hugo/AppData/Local/MiKTeX/2.9/pdftex/config/pdftex.map}

 <./puclogo_small_bw.pdf>]
(clp-aula-5-comandos.toc)
File: puclogo_small_bw.pdf Graphic file (type pdf)
<use puclogo_small_bw.pdf>
Package pdftex.def Info: puclogo_small_bw.pdf  used on input line 61. on input 
line 61.
Package pdftex.def Info: Requested size: 28.45274pt x 27.08174pt on input line 
61.
 [2

]
("C:\Users\Hugo\AppData\Local\Programs\MiKTeX 2.9\tex\latex\listings\lstlang1.s
ty"
File: lstlang1.sty 2015/06/04 1.6 listings language file
)
LaTeX Font Info:    Font shape `T1/phv/bx/n' in size <9> not available
(Font)              Font shape `T1/phv/b/n' tried instead on input line 89.
File: puclogo_small_bw.pdf Graphic file (type pdf)
<use puclogo_small_bw.pdf>
Package pdftex.def Info: puclogo_small_bw.pdf  used on input line 89. on input 
line 89.
Package pdftex.def Info: Requested size: 28.45274pt x 27.08174pt on input line 
89.
 [3

]
\openout4 = `clp-aula-5-comandos.vrb'.

 (clp-aula-5-comandos.vrb
LaTeX Font Info:    Font shape `T1/phv/m/it' in size <10> not available
(Font)              Font shape `T1/phv/m/sl' tried instead on input line 5.
LaTeX Font Info:    Font shape `T1/phv/bx/n' in size <8> not available
(Font)              Font shape `T1/phv/b/n' tried instead on input line 22.
)
File: puclogo_small_bw.pdf Graphic file (type pdf)
<use puclogo_small_bw.pdf>
Package pdftex.def Info: puclogo_small_bw.pdf  used on input line 118. on input
 line 118.
Package pdftex.def Info: Requested size: 28.45274pt x 27.08174pt on input line 
118.
 [4

]
File: puclogo_small_bw.pdf Graphic file (type pdf)
<use puclogo_small_bw.pdf>
Package pdftex.def Info: puclogo_small_bw.pdf  used on input line 133. on input
 line 133.
Package pdftex.def Info: Requested size: 28.45274pt x 27.08174pt on input line 
133.
 [5

]
LaTeX Font Info:    Font shape `T1/phv/bx/n' in size <10.95> not available
(Font)              Font shape `T1/phv/b/n' tried instead on input line 146.
LaTeX Font Info:    Font shape `T1/phv/m/it' in size <10.95> not available
(Font)              Font shape `T1/phv/m/sl' tried instead on input line 146.
File: puclogo_small_bw.pdf Graphic file (type pdf)
<use puclogo_small_bw.pdf>
Package pdftex.def Info: puclogo_small_bw.pdf  used on input line 146. on input
 line 146.
Package pdftex.def Info: Requested size: 28.45274pt x 27.08174pt on input line 
146.
 [6

]
\openout4 = `clp-aula-5-comandos.vrb'.

 (clp-aula-5-comandos.vrb
LaTeX Font Info:    Try loading font information for T1+pcr on input line 10.

("C:\Program Files\MiKTeX 2.9\tex\latex\psnfss\t1pcr.fd"
File: t1pcr.fd 2001/06/04 font definitions for T1/pcr.
))
File: puclogo_small_bw.pdf Graphic file (type pdf)
<use puclogo_small_bw.pdf>
Package pdftex.def Info: puclogo_small_bw.pdf  used on input line 179. on input
 line 179.
Package pdftex.def Info: Requested size: 28.45274pt x 27.08174pt on input line 
179.

Overfull \vbox (0.59448pt too high) detected at line 179
 []

[7

]
File: puclogo_small_bw.pdf Graphic file (type pdf)
<use puclogo_small_bw.pdf>
Package pdftex.def Info: puclogo_small_bw.pdf  used on input line 189. on input
 line 189.
Package pdftex.def Info: Requested size: 28.45274pt x 27.08174pt on input line 
189.
 [8

]
File: puclogo_small_bw.pdf Graphic file (type pdf)
<use puclogo_small_bw.pdf>
Package pdftex.def Info: puclogo_small_bw.pdf  used on input line 203. on input
 line 203.
Package pdftex.def Info: Requested size: 28.45274pt x 27.08174pt on input line 
203.
 [9

]
\openout4 = `clp-aula-5-comandos.vrb'.

 (clp-aula-5-comandos.vrb
("C:\Users\Hugo\AppData\Local\Programs\MiKTeX 2.9\tex\latex\listings\lstlang1.s
ty"
File: lstlang1.sty 2015/06/04 1.6 listings language file
))
File: puclogo_small_bw.pdf Graphic file (type pdf)
<use puclogo_small_bw.pdf>
Package pdftex.def Info: puclogo_small_bw.pdf  used on input line 223. on input
 line 223.
Package pdftex.def Info: Requested size: 28.45274pt x 27.08174pt on input line 
223.
 [10

]
\openout4 = `clp-aula-5-comandos.vrb'.

 (clp-aula-5-comandos.vrb)
File: puclogo_small_bw.pdf Graphic file (type pdf)
<use puclogo_small_bw.pdf>
Package pdftex.def Info: puclogo_small_bw.pdf  used on input line 246. on input
 line 246.
Package pdftex.def Info: Requested size: 28.45274pt x 27.08174pt on input line 
246.
 [11

]
\openout4 = `clp-aula-5-comandos.vrb'.

 (clp-aula-5-comandos.vrb)
File: puclogo_small_bw.pdf Graphic file (type pdf)
<use puclogo_small_bw.pdf>
Package pdftex.def Info: puclogo_small_bw.pdf  used on input line 275. on input
 line 275.
Package pdftex.def Info: Requested size: 28.45274pt x 27.08174pt on input line 
275.
 [12

]
\openout4 = `clp-aula-5-comandos.vrb'.


(clp-aula-5-comandos.vrb
("C:\Users\Hugo\AppData\Local\Programs\MiKTeX 2.9\tex\latex\listings\lstlang1.s
ty"
File: lstlang1.sty 2015/06/04 1.6 listings language file
)
("C:\Users\Hugo\AppData\Local\Programs\MiKTeX 2.9\tex\latex\listings\lstlang2.s
ty"
File: lstlang2.sty 2015/06/04 1.6 listings language file
)
LaTeX Font Info:    Try loading font information for OMS+phv on input line 11.
 ("C:\Program Files\MiKTeX 2.9\tex\latex\psnfss\omsphv.fd"
File: omsphv.fd 
)
LaTeX Font Info:    Font shape `OMS/phv/m/n' in size <8> not available
(Font)              Font shape `OMS/cmsy/m/n' tried instead on input line 11.

("C:\Users\Hugo\AppData\Local\Programs\MiKTeX 2.9\tex\latex\listings\lstlang1.s
ty"
File: lstlang1.sty 2015/06/04 1.6 listings language file
)
("C:\Users\Hugo\AppData\Local\Programs\MiKTeX 2.9\tex\latex\listings\lstmisc.st
y"
File: lstmisc.sty 2015/06/04 1.6 (Carsten Heinz)
))
File: puclogo_small_bw.pdf Graphic file (type pdf)
<use puclogo_small_bw.pdf>
Package pdftex.def Info: puclogo_small_bw.pdf  used on input line 307. on input
 line 307.
Package pdftex.def Info: Requested size: 28.45274pt x 27.08174pt on input line 
307.
 [13

]
File: puclogo_small_bw.pdf Graphic file (type pdf)
<use puclogo_small_bw.pdf>
Package pdftex.def Info: puclogo_small_bw.pdf  used on input line 322. on input
 line 322.
Package pdftex.def Info: Requested size: 28.45274pt x 27.08174pt on input line 
322.
 [14

]
\openout4 = `clp-aula-5-comandos.vrb'.

 (clp-aula-5-comandos.vrb)
File: puclogo_small_bw.pdf Graphic file (type pdf)
<use puclogo_small_bw.pdf>
Package pdftex.def Info: puclogo_small_bw.pdf  used on input line 340. on input
 line 340.
Package pdftex.def Info: Requested size: 28.45274pt x 27.08174pt on input line 
340.
 [15

]
LaTeX Font Info:    Font shape `T1/phv/bx/n' in size <10> not available
(Font)              Font shape `T1/phv/b/n' tried instead on input line 353.
File: puclogo_small_bw.pdf Graphic file (type pdf)
<use puclogo_small_bw.pdf>
Package pdftex.def Info: puclogo_small_bw.pdf  used on input line 353. on input
 line 353.
Package pdftex.def Info: Requested size: 28.45274pt x 27.08174pt on input line 
353.
 [16

]
File: puclogo_small_bw.pdf Graphic file (type pdf)
<use puclogo_small_bw.pdf>
Package pdftex.def Info: puclogo_small_bw.pdf  used on input line 365. on input
 line 365.
Package pdftex.def Info: Requested size: 28.45274pt x 27.08174pt on input line 
365.
 [17

]
\openout4 = `clp-aula-5-comandos.vrb'.


(clp-aula-5-comandos.vrb
("C:\Users\Hugo\AppData\Local\Programs\MiKTeX 2.9\tex\latex\listings\lstlang1.s
ty"
File: lstlang1.sty 2015/06/04 1.6 listings language file
)
("C:\Users\Hugo\AppData\Local\Programs\MiKTeX 2.9\tex\latex\listings\lstlang2.s
ty"
File: lstlang2.sty 2015/06/04 1.6 listings language file
))
LaTeX Font Info:    Font shape `T1/phv/bx/n' in size <14.4> not available
(Font)              Font shape `T1/phv/b/n' tried instead on input line 395.
File: puclogo_small_bw.pdf Graphic file (type pdf)
<use puclogo_small_bw.pdf>
Package pdftex.def Info: puclogo_small_bw.pdf  used on input line 395. on input
 line 395.
Package pdftex.def Info: Requested size: 28.45274pt x 27.08174pt on input line 
395.
 [18

]
\openout4 = `clp-aula-5-comandos.vrb'.

 (clp-aula-5-comandos.vrb)
File: puclogo_small_bw.pdf Graphic file (type pdf)
<use puclogo_small_bw.pdf>
Package pdftex.def Info: puclogo_small_bw.pdf  used on input line 411. on input
 line 411.
Package pdftex.def Info: Requested size: 28.45274pt x 27.08174pt on input line 
411.
 [19

]
\openout4 = `clp-aula-5-comandos.vrb'.

 (clp-aula-5-comandos.vrb)
File: puclogo_small_bw.pdf Graphic file (type pdf)
<use puclogo_small_bw.pdf>
Package pdftex.def Info: puclogo_small_bw.pdf  used on input line 448. on input
 line 448.
Package pdftex.def Info: Requested size: 28.45274pt x 27.08174pt on input line 
448.
 [20

]
File: puclogo_small_bw.pdf Graphic file (type pdf)
<use puclogo_small_bw.pdf>
Package pdftex.def Info: puclogo_small_bw.pdf  used on input line 472. on input
 line 472.
Package pdftex.def Info: Requested size: 28.45274pt x 27.08174pt on input line 
472.

[21

]
\openout4 = `clp-aula-5-comandos.vrb'.

 (clp-aula-5-comandos.vrb)
File: puclogo_small_bw.pdf Graphic file (type pdf)
<use puclogo_small_bw.pdf>
Package pdftex.def Info: puclogo_small_bw.pdf  used on input line 497. on input
 line 497.
Package pdftex.def Info: Requested size: 28.45274pt x 27.08174pt on input line 
497.
 [22

]
File: puclogo_small_bw.pdf Graphic file (type pdf)
<use puclogo_small_bw.pdf>
Package pdftex.def Info: puclogo_small_bw.pdf  used on input line 513. on input
 line 513.
Package pdftex.def Info: Requested size: 28.45274pt x 27.08174pt on input line 
513.
 [23

]
\openout4 = `clp-aula-5-comandos.vrb'.

 (clp-aula-5-comandos.vrb)
File: puclogo_small_bw.pdf Graphic file (type pdf)
<use puclogo_small_bw.pdf>
Package pdftex.def Info: puclogo_small_bw.pdf  used on input line 540. on input
 line 540.
Package pdftex.def Info: Requested size: 28.45274pt x 27.08174pt on input line 
540.

Overfull \vbox (10.34416pt too high) detected at line 540
 []

[24

]
\openout4 = `clp-aula-5-comandos.vrb'.

 (clp-aula-5-comandos.vrb)
File: puclogo_small_bw.pdf Graphic file (type pdf)
<use puclogo_small_bw.pdf>
Package pdftex.def Info: puclogo_small_bw.pdf  used on input line 576. on input
 line 576.
Package pdftex.def Info: Requested size: 28.45274pt x 27.08174pt on input line 
576.

Overfull \vbox (11.58035pt too high) detected at line 576
 []

[25

]
\openout4 = `clp-aula-5-comandos.vrb'.

 (clp-aula-5-comandos.vrb)
File: puclogo_small_bw.pdf Graphic file (type pdf)
<use puclogo_small_bw.pdf>
Package pdftex.def Info: puclogo_small_bw.pdf  used on input line 613. on input
 line 613.
Package pdftex.def Info: Requested size: 28.45274pt x 27.08174pt on input line 
613.

Overfull \vbox (1.89478pt too high) detected at line 613
 []

[26

]
File: puclogo_small_bw.pdf Graphic file (type pdf)
<use puclogo_small_bw.pdf>
Package pdftex.def Info: puclogo_small_bw.pdf  used on input line 626. on input
 line 626.
Package pdftex.def Info: Requested size: 28.45274pt x 27.08174pt on input line 
626.
 [27

]
\openout4 = `clp-aula-5-comandos.vrb'.

 (clp-aula-5-comandos.vrb)
File: puclogo_small_bw.pdf Graphic file (type pdf)
<use puclogo_small_bw.pdf>
Package pdftex.def Info: puclogo_small_bw.pdf  used on input line 649. on input
 line 649.
Package pdftex.def Info: Requested size: 28.45274pt x 27.08174pt on input line 
649.
 [28

]
\openout4 = `clp-aula-5-comandos.vrb'.

 (clp-aula-5-comandos.vrb
("C:\Users\Hugo\AppData\Local\Programs\MiKTeX 2.9\tex\latex\listings\lstlang1.s
ty"
File: lstlang1.sty 2015/06/04 1.6 listings language file
))
File: puclogo_small_bw.pdf Graphic file (type pdf)
<use puclogo_small_bw.pdf>
Package pdftex.def Info: puclogo_small_bw.pdf  used on input line 672. on input
 line 672.
Package pdftex.def Info: Requested size: 28.45274pt x 27.08174pt on input line 
672.
 [29

]
File: puclogo_small_bw.pdf Graphic file (type pdf)
<use puclogo_small_bw.pdf>
Package pdftex.def Info: puclogo_small_bw.pdf  used on input line 692. on input
 line 692.
Package pdftex.def Info: Requested size: 28.45274pt x 27.08174pt on input line 
692.
 [30

]
LaTeX Font Info:    Try loading font information for U+msa on input line 706.
 ("C:\Program Files\MiKTeX 2.9\tex\latex\amsfonts\umsa.fd"
File: umsa.fd 2013/01/14 v3.01 AMS symbols A
)
LaTeX Font Info:    Try loading font information for U+msb on input line 706.

("C:\Program Files\MiKTeX 2.9\tex\latex\amsfonts\umsb.fd"
File: umsb.fd 2013/01/14 v3.01 AMS symbols B
)
LaTeX Font Info:    Font shape `T1/phv/m/it' in size <8> not available
(Font)              Font shape `T1/phv/m/sl' tried instead on input line 706.
LaTeX Font Info:    Font shape `T1/phv/m/it' in size <6> not available
(Font)              Font shape `T1/phv/m/sl' tried instead on input line 706.
File: puclogo_small_bw.pdf Graphic file (type pdf)
<use puclogo_small_bw.pdf>
Package pdftex.def Info: puclogo_small_bw.pdf  used on input line 706. on input
 line 706.
Package pdftex.def Info: Requested size: 28.45274pt x 27.08174pt on input line 
706.
 [31

]
File: puclogo_small_bw.pdf Graphic file (type pdf)
<use puclogo_small_bw.pdf>
Package pdftex.def Info: puclogo_small_bw.pdf  used on input line 725. on input
 line 725.
Package pdftex.def Info: Requested size: 28.45274pt x 27.08174pt on input line 
725.
 [32

]
\tf@nav=\write6
\openout6 = `clp-aula-5-comandos.nav'.

\tf@toc=\write7
\openout7 = `clp-aula-5-comandos.toc'.

\tf@snm=\write8
\openout8 = `clp-aula-5-comandos.snm'.

Package atveryend Info: Empty hook `BeforeClearDocument' on input line 728.
Package atveryend Info: Empty hook `AfterLastShipout' on input line 728.

(clp-aula-5-comandos.aux)
Package atveryend Info: Executing hook `AtVeryEndDocument' on input line 728.
Package atveryend Info: Executing hook `AtEndAfterFileList' on input line 728.
Package rerunfilecheck Info: File `clp-aula-5-comandos.out' has not changed.
(rerunfilecheck)             Checksum: 7CC7C105B38DB1D98224F7F6C0C2F10E;418.
 ) 
Here is how much of TeX's memory you used:
 23573 strings out of 495086
 450373 string characters out of 3177304
 545423 words of memory out of 3000000
 26270 multiletter control sequences out of 15000+200000
 58132 words of font info for 69 fonts, out of 3000000 for 9000
 38 hyphenation exceptions out of 8191
 56i,19n,64p,788b,1949s stack positions out of 5000i,500n,10000p,200000b,50000s
{C:/Program Files/MiKTeX 2.9/fonts/enc/dvips/base/8r.enc}<C:/Program Files/Mi
KTeX 2.9/fonts/type1/public/amsfonts/cm/cmsy10.pfb><C:/Program Files/MiKTeX 2.9
/fonts/type1/public/amsfonts/cm/cmsy8.pfb><C:/Program Files/MiKTeX 2.9/fonts/ty
pe1/urw/courier/ucrr8a.pfb><C:/Program Files/MiKTeX 2.9/fonts/type1/urw/helveti
c/uhvb8a.pfb><C:/Program Files/MiKTeX 2.9/fonts/type1/urw/helvetic/uhvr8a.pfb><
C:/Program Files/MiKTeX 2.9/fonts/type1/urw/helvetic/uhvro8a.pfb>
Output written on clp-aula-5-comandos.pdf (32 pages, 187828 bytes).
PDF statistics:
 461 PDF objects out of 1000 (max. 8388607)
 71 named destinations out of 1000 (max. 500000)
 150 words of extra memory for PDF output out of 10000 (max. 10000000)

